[Wed Dec  6 18:07:26.482 2017] 0.003 sec [any/0/rel 47 (0,1000)] [product] 熊猫
[Wed Dec  6 18:08:14.582 2017] 0.000 sec [any/0/rel 47 (0,1000)] [product] 熊猫
[Wed Dec  6 18:08:32.193 2017] 0.000 sec [any/0/rel 47 (0,1000)] [product] 熊猫
[Wed Dec  6 18:08:39.753 2017] 0.000 sec [any/0/rel 47 (0,1000)] [product] 熊猫
[Wed Dec  6 18:08:55.480 2017] 0.000 sec [any/0/rel 47 (0,1000)] [product] 熊猫
[Wed Dec  6 18:09:28.466 2017] 0.000 sec [any/0/rel 109 (0,1000)] [product] 白大花
[Wed Dec  6 18:11:25.444 2017] 0.000 sec [any/0/rel 109 (0,1000)] [product] 白大花
[Wed Dec  6 18:14:25.377 2017] 0.000 sec [any/0/rel 9 (0,1000)] [product] 大花白
[Wed Dec  6 18:26:21.268 2017] 0.002 sec [any/0/rel 17 (0,1000)] [product] 大花白
[Thu Dec  7 09:10:26.294 2017] 0.087 sec [any/0/rel 17 (0,1000)] [product] 大花白
[Fri Dec  8 10:43:46.976 2017] 0.014 sec [any/0/rel 1 (0,20)] [test1] d
[Fri Dec  8 10:43:49.703 2017] 0.001 sec [any/0/rel 0 (0,20)] [test1] shengd
[Fri Dec  8 10:43:50.846 2017] 0.002 sec [any/0/rel 1 (0,20)] [test1] s
[Fri Dec  8 10:43:51.997 2017] 0.002 sec [any/0/rel 0 (0,20)] [test1] sh
[Fri Dec  8 10:43:53.149 2017] 0.001 sec [any/0/rel 0 (0,20)] [test1] she
[Fri Dec  8 10:43:54.264 2017] 0.000 sec [any/0/rel 0 (0,20)] [test1] shen
[Fri Dec  8 10:43:55.374 2017] 0.001 sec [any/0/rel 0 (0,20)] [test1] sheng
[Fri Dec  8 10:43:57.138 2017] 0.002 sec [any/0/rel 0 (0,20)] [test1] shengda
[Fri Dec  8 10:43:58.231 2017] 0.003 sec [any/0/rel 359 (0,20)] [test1] 声达
[Fri Dec  8 10:43:59.982 2017] 0.002 sec [any/0/rel 1 (0,20)] [test1] s
[Fri Dec  8 10:44:01.154 2017] 0.002 sec [any/0/rel 359 (0,20)] [test1] 声达
[Fri Dec  8 10:44:02.954 2017] 0.000 sec [any/0/rel 0 (0,20)] [test1] sh
[Fri Dec  8 10:44:04.023 2017] 0.001 sec [any/0/rel 0 (0,20)] [test1] she
[Fri Dec  8 10:44:05.117 2017] 0.001 sec [any/0/rel 0 (0,20)] [test1] shen
[Fri Dec  8 10:44:06.214 2017] 0.001 sec [any/0/rel 0 (0,20)] [test1] sheng
[Fri Dec  8 10:44:07.314 2017] 0.001 sec [any/0/rel 0 (0,20)] [test1] shengd
[Fri Dec  8 10:44:08.429 2017] 0.002 sec [any/0/rel 0 (0,20)] [test1] shengda
[Fri Dec  8 10:44:09.637 2017] 0.002 sec [any/0/rel 359 (0,20)] [test1] 声达
[Fri Dec  8 10:44:21.620 2017] 0.000 sec [any/0/rel 0 (0,20)] [test1] h
[Fri Dec  8 10:44:22.673 2017] 0.001 sec [any/0/rel 0 (0,20)] [test1] ho
[Fri Dec  8 10:44:23.753 2017] 0.001 sec [any/0/rel 0 (0,20)] [test1] hon
[Fri Dec  8 10:44:24.864 2017] 0.001 sec [any/0/rel 0 (0,20)] [test1] hong
[Fri Dec  8 10:44:25.966 2017] 0.000 sec [any/0/rel 0 (0,20)] [test1] hongx
[Fri Dec  8 10:44:27.032 2017] 0.000 sec [any/0/rel 0 (0,20)] [test1] hongxi
[Fri Dec  8 10:44:28.122 2017] 0.001 sec [any/0/rel 0 (0,20)] [test1] hongxia
[Fri Dec  8 10:44:29.226 2017] 0.001 sec [any/0/rel 0 (0,20)] [test1] hongxian
[Fri Dec  8 10:44:30.335 2017] 0.001 sec [any/0/rel 0 (0,20)] [test1] hongxian
[Fri Dec  8 10:44:31.418 2017] 0.001 sec [any/0/rel 0 (0,20)] [test1] hongxiang
[Fri Dec  8 10:44:32.511 2017] 0.002 sec [any/0/rel 39 (0,20)] [test1] 红橡
[Fri Dec  8 10:44:33.710 2017] 0.001 sec [any/0/rel 39 (0,20)] [test1] 红橡
[Fri Dec  8 10:44:41.405 2017] 0.001 sec [any/0/rel 39 (0,20)] [test1] 红橡
[Fri Dec  8 10:44:47.810 2017] 0.001 sec [any/0/rel 39 (0,20)] [test1] 红橡
[Fri Dec  8 10:46:57.045 2017] 0.001 sec [any/0/rel 0 (0,20)] [test1] x
[Fri Dec  8 10:46:58.134 2017] 0.001 sec [any/0/rel 0 (0,20)] [test1] xi
[Fri Dec  8 10:46:59.260 2017] 0.001 sec [any/0/rel 0 (0,20)] [test1] xio
[Fri Dec  8 10:47:00.375 2017] 0.001 sec [any/0/rel 0 (0,20)] [test1] xion
[Fri Dec  8 10:47:01.487 2017] 0.001 sec [any/0/rel 0 (0,20)] [test1] xiong
[Fri Dec  8 10:47:02.575 2017] 0.001 sec [any/0/rel 0 (0,20)] [test1] 熊
[Fri Dec  8 10:47:36.834 2017] 0.002 sec [any/0/rel 144 (0,20)] [test1] 熊猫单芯线(100米
[Fri Dec  8 10:47:37.927 2017] 0.002 sec [any/0/rel 61 (0,20)] [test1] 熊猫单芯线(100
[Fri Dec  8 10:47:39.014 2017] 0.002 sec [any/0/rel 76 (0,20)] [test1] 熊猫单芯线(10
[Fri Dec  8 10:47:40.113 2017] 0.002 sec [any/0/rel 143 (0,20)] [test1] 熊猫单芯线(1
[Fri Dec  8 10:47:41.213 2017] 0.002 sec [any/0/rel 55 (0,20)] [test1] 熊猫单芯线(
[Fri Dec  8 10:47:42.296 2017] 0.001 sec [any/0/rel 55 (0,20)] [test1] 熊猫单芯线
[Fri Dec  8 10:47:43.363 2017] 0.000 sec [any/0/rel 194 (0,20)] [test1] 熊猫单芯
[Fri Dec  8 10:47:44.439 2017] 0.002 sec [any/0/rel 55 (0,20)] [test1] 熊猫单
[Fri Dec  8 10:47:45.537 2017] 0.001 sec [any/0/rel 47 (0,20)] [test1] 熊猫
[Fri Dec  8 10:47:46.700 2017] 0.002 sec [any/0/rel 144 (0,20)] [test1] 熊猫单芯线(100米)
[Fri Dec  8 10:47:48.383 2017] 0.000 sec [any/0/rel 0 (0,20)] [test1] 熊
[Fri Dec  8 10:47:56.271 2017] 0.002 sec [any/0/rel 144 (0,20)] [test1] 熊猫单芯线(100米)
[Fri Dec  8 10:48:00.037 2017] 0.002 sec [any/0/rel 144 (0,20)] [test1] 熊猫单芯线(100米) 
[Fri Dec  8 10:48:01.170 2017] 0.002 sec [any/0/rel 144 (0,20)] [test1] 熊猫单芯线(100米) h
[Fri Dec  8 10:48:02.263 2017] 0.002 sec [any/0/rel 144 (0,20)] [test1] 熊猫单芯线(100米) ho
[Fri Dec  8 10:48:03.378 2017] 0.000 sec [any/0/rel 144 (0,20)] [test1] 熊猫单芯线(100米) hon
[Fri Dec  8 10:48:04.490 2017] 0.001 sec [any/0/rel 144 (0,20)] [test1] 熊猫单芯线(100米) hong
[Fri Dec  8 10:48:05.570 2017] 0.001 sec [any/0/rel 144 (0,20)] [test1] 熊猫单芯线(100米) hongf
[Fri Dec  8 10:48:06.664 2017] 0.002 sec [any/0/rel 144 (0,20)] [test1] 熊猫单芯线(100米) hongfs
[Fri Dec  8 10:48:07.777 2017] 0.002 sec [any/0/rel 144 (0,20)] [test1] 熊猫单芯线(100米) hongf
[Fri Dec  8 10:48:08.889 2017] 0.002 sec [any/0/rel 144 (0,20)] [test1] 熊猫单芯线(100米) hong
[Fri Dec  8 10:48:10.062 2017] 0.002 sec [any/0/rel 168 (0,20)] [test1] 熊猫单芯线(100米) 红色
[Fri Dec  8 10:48:11.695 2017] 0.002 sec [any/0/rel 144 (0,20)] [test1] 熊猫单芯线(100米) hongs
[Fri Dec  8 10:48:12.788 2017] 0.003 sec [any/0/rel 168 (0,20)] [test1] 熊猫单芯线(100米) 红色
[Fri Dec  8 10:48:39.019 2017] 0.002 sec [any/0/rel 168 (0,20)] [test1] 熊猫单芯线(100米) 红色
[Fri Dec  8 10:48:42.896 2017] 0.002 sec [any/0/rel 168 (0,20)] [test1] 熊猫单芯线(100米) 红色
[Fri Dec  8 10:48:56.490 2017] 0.002 sec [any/0/rel 168 (0,20)] [test1] 熊猫单芯线(100米) 红色
[Fri Dec  8 10:49:00.302 2017] 0.002 sec [any/0/rel 168 (0,20)] [test1] 熊猫单芯线(100米) 红色
[Fri Dec  8 10:49:04.162 2017] 0.003 sec [any/0/rel 144 (0,20)] [test1] 熊猫单芯线(100米)
[Fri Dec  8 10:49:05.993 2017] 0.002 sec [any/0/rel 144 (0,20)] [test1] 熊猫单芯线(100米)
[Fri Dec  8 10:49:12.350 2017] 0.000 sec [any/0/rel 0 (0,20)] [test1] 熊
[Fri Dec  8 10:49:14.161 2017] 0.000 sec [any/0/rel 0 (0,20)] [test1] 熊
[Fri Dec  8 10:49:21.358 2017] 0.001 sec [any/0/rel 0 (0,20)] [test1] 熊
[Fri Dec  8 10:49:25.444 2017] 0.001 sec [any/0/rel 0 (0,20)] [test1] 熊
[Fri Dec  8 10:49:29.016 2017] 0.001 sec [any/0/rel 0 (0,20)] [test1] 熊
[Fri Dec  8 10:49:35.382 2017] 0.001 sec [any/0/rel 0 (0,20)] [test1] 熊
[Fri Dec  8 10:51:09.177 2017] 0.002 sec [any/0/rel 77 (0,20)] [test1] 2
[Fri Dec  8 10:51:10.460 2017] 0.001 sec [any/0/rel 0 (0,20)] [test1] 201
[Fri Dec  8 10:51:11.678 2017] 0.001 sec [any/0/rel 0 (0,20)] [test1] 2016
[Fri Dec  8 10:51:14.241 2017] 0.001 sec [any/0/rel 0 (0,20)] [test1] 2016
[Fri Dec  8 10:51:16.250 2017] 0.001 sec [any/0/rel 64 (0,20)] [test1] 20
[Fri Dec  8 10:51:19.004 2017] 0.002 sec [any/0/rel 39 (0,20)] [test1] 4
[Fri Dec  8 10:51:20.259 2017] 0.001 sec [any/0/rel 0 (0,20)] [test1] 46
[Fri Dec  8 10:51:22.218 2017] 0.001 sec [any/0/rel 0 (0,20)] [test1] 46
[Fri Dec  8 10:51:27.287 2017] 0.001 sec [any/0/rel 133 (0,20)] [test1] 3
[Fri Dec  8 10:51:28.396 2017] 0.001 sec [any/0/rel 12 (0,20)] [test1] 30
[Fri Dec  8 10:51:29.482 2017] 0.000 sec [any/0/rel 0 (0,20)] [test1] 301
[Fri Dec  8 10:51:31.265 2017] 0.001 sec [any/0/rel 0 (0,20)] [test1] 3010
[Fri Dec  8 10:51:32.469 2017] 0.001 sec [any/0/rel 0 (0,20)] [test1] 3010
[Fri Dec  8 10:51:58.721 2017] 0.001 sec [any/0/rel 1 (0,20)] [test1] 10101002
[Fri Dec  8 10:51:59.868 2017] 0.001 sec [any/0/rel 1 (0,20)] [test1] 10101002
[Fri Dec  8 11:28:24.529 2017] 0.008 sec [any/0/rel 1 (0,20)] [test1] s
[Fri Dec  8 11:28:26.957 2017] 0.001 sec [any/0/rel 0 (0,20)] [test1] sdx
[Fri Dec  8 11:28:28.100 2017] 0.000 sec [any/0/rel 1 (0,20)] [test1] s
[Fri Dec  8 11:28:29.201 2017] 0.000 sec [any/0/rel 0 (0,20)] [test1] sd
[Fri Dec  8 11:28:30.308 2017] 0.000 sec [any/0/rel 0 (0,20)] [test1] sdxmgb
[Fri Dec  8 11:28:31.441 2017] 0.000 sec [any/0/rel 0 (0,20)] [test1] sdxm
[Fri Dec  8 11:28:32.577 2017] 0.001 sec [any/0/rel 0 (0,20)] [test1] sdxmg
[Fri Dec  8 11:28:34.341 2017] 0.000 sec [any/0/rel 1 (0,20)] [test1] s
[Fri Dec  8 11:28:35.421 2017] 0.001 sec [any/0/rel 0 (0,20)] [test1] sd
[Fri Dec  8 11:28:36.500 2017] 0.001 sec [any/0/rel 0 (0,20)] [test1] sdx
[Fri Dec  8 11:28:37.601 2017] 0.001 sec [any/0/rel 0 (0,20)] [test1] sdxm
[Fri Dec  8 11:28:38.744 2017] 0.002 sec [any/0/rel 0 (0,20)] [test1] sdxmgb
[Fri Dec  8 11:28:40.330 2017] 0.001 sec [any/0/rel 0 (0,20)] [test1] sdxmg
[Fri Dec  8 11:28:41.427 2017] 0.001 sec [any/0/rel 0 (0,20)] [test1] sdxmgb
[Fri Dec  8 13:46:08.077 2017] 0.004 sec [any/0/rel 0 (0,20)] [test1] xmdxx100m
[Fri Dec  8 13:46:09.268 2017] 0.001 sec [any/0/rel 0 (0,20)] [test1] xmdxx1
[Fri Dec  8 13:46:10.412 2017] 0.001 sec [any/0/rel 0 (0,20)] [test1] xmdxx100
[Fri Dec  8 13:46:11.588 2017] 0.001 sec [any/0/rel 0 (0,20)] [test1] xmdxx10
[Fri Dec  8 13:46:12.671 2017] 0.001 sec [any/0/rel 0 (0,20)] [test1] xmdxx
[Fri Dec  8 13:46:14.624 2017] 0.001 sec [any/0/rel 0 (0,20)] [test1] xmdxx
[Fri Dec  8 13:47:35.943 2017] 0.002 sec [any/0/rel 0 (0,20)] [test1] xmdxx
[Fri Dec  8 13:47:54.385 2017] 0.001 sec [any/0/rel 0 (0,20)] [test1] xmdxx
[Fri Dec  8 13:48:48.264 2017] 0.001 sec [any/0/rel 0 (0,20)] [test1] xmdxx
[Fri Dec  8 13:49:39.505 2017] 0.002 sec [any/0/rel 0 (0,20)] [test1] xmdxx
[Fri Dec  8 13:56:40.265 2017] 0.012 sec [any/0/rel 20 (0,20)] [test1] xmdxx
[Fri Dec  8 13:56:57.712 2017] 0.002 sec [any/0/rel 20 (0,20)] [test1] xmdxx
[Fri Dec  8 13:57:05.435 2017] 0.001 sec [any/0/rel 20 (0,20)] [test1] xmdxx
[Fri Dec  8 13:57:09.360 2017] 0.001 sec [any/0/rel 0 (0,20)] [test1] xmdx
[Fri Dec  8 13:57:10.532 2017] 0.001 sec [any/0/rel 0 (0,20)] [test1] xmd
[Fri Dec  8 13:57:12.580 2017] 0.001 sec [any/0/rel 0 (0,20)] [test1] xmd
[Fri Dec  8 13:57:27.280 2017] 0.001 sec [any/0/rel 0 (0,20)] [test1] xm
[Fri Dec  8 13:57:28.374 2017] 0.001 sec [any/0/rel 0 (0,20)] [test1] xmd
[Fri Dec  8 13:57:30.533 2017] 0.001 sec [any/0/rel 0 (0,20)] [test1] xmd
[Fri Dec  8 13:59:37.879 2017] 0.012 sec [any/0/rel 0 (0,20)] [test1] xmd
[Fri Dec  8 14:00:50.844 2017] 0.002 sec [any/0/rel 95 (0,20)] [test1] 1
[Fri Dec  8 14:00:51.954 2017] 0.002 sec [any/0/rel 21 (0,20)] [test1] 10
[Fri Dec  8 14:00:53.051 2017] 0.001 sec [any/0/rel 1850 (0,20)] [test1] 0
[Fri Dec  8 14:00:54.127 2017] 0.004 sec [any/0/rel 1850 (0,20)] [test1] 0
[Fri Dec  8 14:00:55.251 2017] 0.002 sec [any/0/rel 0 (0,20)] [test1] 01
[Fri Dec  8 14:00:56.343 2017] 0.001 sec [any/0/rel 95 (0,20)] [test1] 1
[Fri Dec  8 14:00:59.465 2017] 0.002 sec [any/0/rel 21 (0,20)] [test1] 10
[Fri Dec  8 14:01:00.682 2017] 0.002 sec [any/0/rel 18 (0,20)] [test1] 100
[Fri Dec  8 14:01:02.371 2017] 0.002 sec [any/0/rel 18 (0,20)] [test1] 100
[Fri Dec  8 14:01:09.715 2017] 0.001 sec [any/0/rel 133 (0,20)] [test1] 3
[Fri Dec  8 14:01:10.789 2017] 0.000 sec [any/0/rel 0 (0,20)] [test1] 31
[Fri Dec  8 14:01:11.897 2017] 0.002 sec [any/0/rel 133 (0,20)] [test1] 3
[Fri Dec  8 14:01:12.978 2017] 0.002 sec [any/0/rel 12 (0,20)] [test1] 30
[Fri Dec  8 14:01:14.071 2017] 0.001 sec [any/0/rel 0 (0,20)] [test1] 301
[Fri Dec  8 14:01:15.178 2017] 0.001 sec [any/0/rel 0 (0,20)] [test1] 3010
[Fri Dec  8 14:01:16.277 2017] 0.002 sec [any/0/rel 0 (0,20)] [test1] 30101
[Fri Dec  8 14:01:17.399 2017] 0.001 sec [any/0/rel 0 (0,20)] [test1] 301010
[Fri Dec  8 14:01:18.488 2017] 0.000 sec [any/0/rel 0 (0,20)] [test1] 3010101
[Fri Dec  8 14:01:19.604 2017] 0.002 sec [any/0/rel 1 (0,20)] [test1] 30101011
[Fri Dec  8 14:01:21.112 2017] 0.001 sec [any/0/rel 1 (0,20)] [test1] 30101011
[Fri Dec  8 14:01:32.133 2017] 0.001 sec [any/0/rel 0 (0,20)] [test1] 3010101
[Fri Dec  8 14:01:33.376 2017] 0.001 sec [any/0/rel 0 (0,20)] [test1] 3010101
[Fri Dec  8 14:05:38.126 2017] 0.001 sec [any/0/rel 1 (0,20)] [test1] d
[Fri Dec  8 14:05:40.354 2017] 0.001 sec [any/0/rel 6 (0,20)] [test1] s
[Fri Dec  8 14:05:41.495 2017] 0.002 sec [any/0/rel 4 (0,20)] [test1] sd
[Fri Dec  8 14:05:42.579 2017] 0.001 sec [any/0/rel 0 (0,20)] [test1] x
[Fri Dec  8 14:05:43.664 2017] 0.000 sec [any/0/rel 0 (0,20)] [test1] xm
[Fri Dec  8 14:05:44.760 2017] 0.001 sec [any/0/rel 0 (0,20)] [test1] xmgb
[Fri Dec  8 14:05:45.865 2017] 0.002 sec [any/0/rel 0 (0,20)] [test1] xmg
[Fri Dec  8 14:05:46.992 2017] 0.001 sec [any/0/rel 0 (0,20)] [test1] xmg
[Fri Dec  8 14:05:48.082 2017] 0.002 sec [any/0/rel 0 (0,20)] [test1] x
[Fri Dec  8 14:05:49.259 2017] 0.002 sec [any/0/rel 0 (0,20)] [test1] xm
[Fri Dec  8 14:05:51.549 2017] 0.001 sec [any/0/rel 0 (0,20)] [test1] 3010101
[Fri Dec  8 14:20:03.579 2017] 0.010 sec [any/0/rel 6 (0,20)] [test1] s
[Fri Dec  8 14:20:04.832 2017] 0.002 sec [any/0/rel 4 (0,20)] [test1] sd
[Fri Dec  8 14:20:07.188 2017] 0.002 sec [any/0/rel 4 (0,20)] [test1] sd
[Fri Dec  8 14:20:08.363 2017] 0.002 sec [any/0/rel 0 (0,20)] [test1] sdx
[Fri Dec  8 14:20:09.477 2017] 0.001 sec [any/0/rel 0 (0,20)] [test1] sdxmg
[Fri Dec  8 14:20:10.646 2017] 0.002 sec [any/0/rel 0 (0,20)] [test1] sdxm
[Fri Dec  8 14:20:19.397 2017] 0.002 sec [any/0/rel 6 (0,20)] [test1] s
[Fri Dec  8 14:20:20.506 2017] 0.001 sec [any/0/rel 4 (0,20)] [test1] sd
[Fri Dec  8 14:20:21.605 2017] 0.001 sec [any/0/rel 0 (0,20)] [test1] sdx
[Fri Dec  8 14:20:22.718 2017] 0.001 sec [any/0/rel 0 (0,20)] [test1] sdxm
[Fri Dec  8 14:20:23.805 2017] 0.001 sec [any/0/rel 0 (0,20)] [test1] sdxmg
[Fri Dec  8 14:20:25.608 2017] 0.001 sec [any/0/rel 0 (0,20)] [test1] sdxmg
[Fri Dec  8 14:20:30.420 2017] 0.002 sec [any/0/rel 3 (0,20)] [test1] sdxmgb
[Fri Dec  8 14:20:32.271 2017] 0.002 sec [any/0/rel 3 (0,20)] [test1] sdxmgb
[Fri Dec  8 14:20:36.862 2017] 0.001 sec [any/0/rel 4 (0,20)] [test1] sdxmg b
[Fri Dec  8 14:20:38.002 2017] 0.002 sec [any/0/rel 4 (0,20)] [test1] sdxm g b
[Fri Dec  8 14:20:40.007 2017] 0.002 sec [any/0/rel 4 (0,20)] [test1] sdx m g b
[Fri Dec  8 14:20:41.104 2017] 0.002 sec [any/0/rel 8 (0,20)] [test1] sd x m g b
[Fri Dec  8 14:20:42.206 2017] 0.002 sec [any/0/rel 11 (0,20)] [test1] s d x m g b
[Fri Dec  8 14:20:43.694 2017] 0.001 sec [any/0/rel 11 (0,20)] [test1] s d x m g b
[Fri Dec  8 14:20:54.059 2017] 0.001 sec [any/0/rel 8 (0,20)] [test1] sd x m g b
[Fri Dec  8 14:21:03.831 2017] 0.002 sec [any/0/rel 398 (0,20)] [test1] 声达柚木生态
[Fri Dec  8 14:21:04.944 2017] 0.002 sec [any/0/rel 364 (0,20)] [test1] 声达柚木生
[Fri Dec  8 14:21:06.045 2017] 0.002 sec [any/0/rel 364 (0,20)] [test1] 声达柚木
[Fri Dec  8 14:21:07.148 2017] 0.002 sec [any/0/rel 362 (0,20)] [test1] 声达柚
[Fri Dec  8 14:21:08.243 2017] 0.002 sec [any/0/rel 359 (0,20)] [test1] 声达
[Fri Dec  8 14:21:10.512 2017] 0.002 sec [any/0/rel 359 (0,20)] [test1] 声
[Fri Dec  8 14:21:11.619 2017] 0.000 sec [any/0/rel 1 (0,20)] [test1] d
[Fri Dec  8 14:21:12.692 2017] 0.001 sec [any/0/rel 0 (0,20)] [test1] ds
[Fri Dec  8 14:21:13.777 2017] 0.001 sec [any/0/rel 1 (0,20)] [test1] d
[Fri Dec  8 14:21:15.981 2017] 0.001 sec [any/0/rel 6 (0,20)] [test1] s
[Fri Dec  8 14:21:17.062 2017] 0.000 sec [any/0/rel 4 (0,20)] [test1] sd
[Fri Dec  8 14:21:18.108 2017] 0.001 sec [any/0/rel 0 (0,20)] [test1] sdx
[Fri Dec  8 14:21:19.212 2017] 0.001 sec [any/0/rel 6 (0,20)] [test1] s
[Fri Dec  8 14:21:20.302 2017] 0.001 sec [any/0/rel 4 (0,20)] [test1] sd
[Fri Dec  8 14:21:21.404 2017] 0.001 sec [any/0/rel 0 (0,20)] [test1] sdx
[Fri Dec  8 14:21:22.501 2017] 0.001 sec [any/0/rel 0 (0,20)] [test1] sdxm
[Fri Dec  8 14:21:23.598 2017] 0.001 sec [any/0/rel 6 (0,20)] [test1] s
[Fri Dec  8 14:21:24.688 2017] 0.002 sec [any/0/rel 4 (0,20)] [test1] sd
[Fri Dec  8 14:21:25.874 2017] 0.001 sec [any/0/rel 0 (0,20)] [test1] sdxm
[Fri Dec  8 14:21:27.582 2017] 0.001 sec [any/0/rel 0 (0,20)] [test1] sdx
[Fri Dec  8 14:21:28.671 2017] 0.001 sec [any/0/rel 0 (0,20)] [test1] sdxm
[Fri Dec  8 14:27:11.799 2017] 0.012 sec [any/0/rel 1189 (0,20)] [test1] s
[Fri Dec  8 14:27:13.080 2017] 0.002 sec [any/0/rel 389 (0,20)] [test1] sd
[Fri Dec  8 14:27:14.242 2017] 0.001 sec [any/0/rel 14 (0,20)] [test1] sdx
[Fri Dec  8 14:27:15.421 2017] 0.002 sec [any/0/rel 4 (0,20)] [test1] sdxm
[Fri Dec  8 14:27:17.357 2017] 0.001 sec [any/0/rel 4 (0,20)] [test1] sdxm
[Fri Dec  8 14:27:53.929 2017] 0.002 sec [any/0/rel 14 (0,20)] [test1] sdx
[Fri Dec  8 14:27:55.422 2017] 0.002 sec [any/0/rel 14 (0,20)] [test1] sdx
[Fri Dec  8 14:28:02.667 2017] 0.001 sec [any/0/rel 4 (0,20)] [test1] sdxm
[Fri Dec  8 14:28:03.747 2017] 0.001 sec [any/0/rel 3 (0,20)] [test1] sdxmg
[Fri Dec  8 14:28:04.873 2017] 0.001 sec [any/0/rel 3 (0,20)] [test1] sdxmg
[Fri Dec  8 14:29:42.446 2017] 0.002 sec [any/0/rel 4 (0,20)] [test1] sdxm
[Fri Dec  8 14:29:43.584 2017] 0.002 sec [any/0/rel 14 (0,20)] [test1] sdx
[Fri Dec  8 14:29:44.695 2017] 0.002 sec [any/0/rel 389 (0,20)] [test1] sd
[Fri Dec  8 14:29:45.803 2017] 0.002 sec [any/0/rel 1189 (0,20)] [test1] s
[Fri Dec  8 14:29:46.917 2017] 0.003 sec [any/0/rel 389 (0,20)] [test1] sd
[Fri Dec  8 14:29:49.213 2017] 0.003 sec [any/0/rel 1189 (0,20)] [test1] s
[Fri Dec  8 14:29:50.326 2017] 0.001 sec [any/0/rel 14 (0,20)] [test1] sdx
[Fri Dec  8 14:29:51.419 2017] 0.001 sec [any/0/rel 4 (0,20)] [test1] sdxm
[Fri Dec  8 14:29:52.514 2017] 0.001 sec [any/0/rel 3 (0,20)] [test1] sdxmg
[Fri Dec  8 14:29:53.578 2017] 0.003 sec [any/0/rel 1189 (0,20)] [test1] s
[Fri Dec  8 14:29:54.675 2017] 0.002 sec [any/0/rel 389 (0,20)] [test1] sd
[Fri Dec  8 14:29:55.792 2017] 0.001 sec [any/0/rel 14 (0,20)] [test1] sdx
[Fri Dec  8 14:29:56.899 2017] 0.001 sec [any/0/rel 4 (0,20)] [test1] sdxm
[Fri Dec  8 14:29:58.004 2017] 0.001 sec [any/0/rel 3 (0,20)] [test1] sdxmg
[Fri Dec  8 14:30:00.498 2017] 0.001 sec [any/0/rel 3 (0,20)] [test1] sdxmg
[Fri Dec  8 14:30:03.690 2017] 0.001 sec [any/0/rel 4 (0,20)] [test1] sdxm
[Fri Dec  8 14:30:05.952 2017] 0.002 sec [any/0/rel 4 (0,20)] [test1] sdxm
[Fri Dec  8 14:30:47.329 2017] 0.002 sec [any/0/rel 14 (0,20)] [test1] sdx
[Fri Dec  8 14:30:48.445 2017] 0.002 sec [any/0/rel 389 (0,20)] [test1] sd
[Fri Dec  8 14:30:49.625 2017] 0.003 sec [any/0/rel 389 (0,20)] [test1] sd
[Fri Dec  8 14:30:55.431 2017] 0.002 sec [any/0/rel 389 (0,20)] [test1] sd
[Fri Dec  8 14:37:34.832 2017] 0.002 sec [any/0/rel 389 (0,1000)] [test1] sd
[Fri Dec  8 14:40:09.766 2017] 0.002 sec [any/0/rel 389 (0,20)] [test1] sd
[Fri Dec  8 14:40:14.410 2017] 0.002 sec [any/0/rel 389 (0,20)] [test1] sd
[Fri Dec  8 14:40:17.301 2017] 0.000 sec [any/0/rel 389 (0,20)] [test1] sd
[Fri Dec  8 14:47:15.007 2017] 0.004 sec [any/0/rel 1189 (0,20)] [test1] s
[Fri Dec  8 14:47:16.231 2017] 0.002 sec [any/0/rel 389 (0,20)] [test1] sd
[Fri Dec  8 14:47:17.325 2017] 0.001 sec [any/0/rel 14 (0,20)] [test1] sdx
[Fri Dec  8 14:47:21.124 2017] 0.003 sec [any/0/rel 442 (0,20)] [test1] 声达橡胶木集成材
[Fri Dec  8 14:47:25.929 2017] 0.001 sec [any/0/rel 442 (0,20)] [test1] 声达橡胶木集成材
[Fri Dec  8 15:28:23.176 2017] 0.004 sec [any/0/rel 0 (0,20)] [test1] ddddddd
[Fri Dec  8 15:30:00.410 2017] 0.002 sec [any/0/rel 0 (0,20)] [test1] ddddddd
[Fri Dec  8 15:30:15.739 2017] 0.001 sec [any/0/rel 0 (0,20)] [test1] ddddddd
[Fri Dec  8 15:32:27.744 2017] 0.000 sec [any/0/rel 0 (0,20)] [test1] ddddddd
[Fri Dec  8 17:16:43.957 2017] 0.064 sec [any/0/rel 1234 (0,20)] [test1] d
[Fri Dec  8 17:16:45.057 2017] 0.001 sec [any/0/rel 0 (0,20)] [test1] dddddd
[Fri Dec  8 17:16:46.201 2017] 0.027 sec [any/0/rel 119 (0,20)] [test1] dd
[Fri Dec  8 17:16:47.370 2017] 0.019 sec [any/0/rel 1 (0,20)] [test1] ddd
[Fri Dec  8 17:16:48.521 2017] 0.001 sec [any/0/rel 0 (0,20)] [test1] dddd
[Fri Dec  8 17:16:49.682 2017] 0.000 sec [any/0/rel 0 (0,20)] [test1] ddddd
[Fri Dec  8 17:16:50.842 2017] 0.000 sec [any/0/rel 0 (0,20)] [test1] ddddddddddddddddd
[Fri Dec  8 17:16:52.545 2017] 0.001 sec [any/0/rel 0 (0,20)] [test1] ddddddd
[Fri Dec  8 17:16:53.630 2017] 0.000 sec [any/0/rel 0 (0,20)] [test1] dddddddd
[Fri Dec  8 17:16:54.685 2017] 0.002 sec [any/0/rel 0 (0,20)] [test1] ddddddddd
[Fri Dec  8 17:16:55.785 2017] 0.003 sec [any/0/rel 0 (0,20)] [test1] dddddddddd
[Fri Dec  8 17:16:56.876 2017] 0.001 sec [any/0/rel 0 (0,20)] [test1] ddddddddddd
[Fri Dec  8 17:16:57.983 2017] 0.001 sec [any/0/rel 0 (0,20)] [test1] dddddddddddd
[Fri Dec  8 17:16:59.361 2017] 0.001 sec [any/0/rel 0 (0,20)] [test1] ddddddddddddddddd
[Fri Dec  8 17:19:40.656 2017] 0.001 sec [any/0/rel 0 (0,20)] [test1] ddddddddddddddddd
[Fri Dec  8 17:19:51.857 2017] 0.038 sec [any/0/rel 257 (0,20)] [test1] a
[Fri Dec  8 17:19:53.380 2017] 0.018 sec [any/0/rel 623 (0,20)] [test1] c
[Fri Dec  8 17:19:54.831 2017] 0.013 sec [any/0/rel 31 (0,20)] [test1] cs
[Fri Dec  8 17:19:56.087 2017] 0.024 sec [any/0/rel 1 (0,20)] [test1] csw
[Fri Dec  8 17:19:57.186 2017] 0.000 sec [any/0/rel 0 (0,20)] [test1] cswe
[Fri Dec  8 17:20:06.433 2017] 0.001 sec [any/0/rel 0 (0,20)] [test1] cswed
[Fri Dec  8 17:20:07.534 2017] 0.002 sec [any/0/rel 0 (0,20)] [test1] cswedd
[Fri Dec  8 17:20:08.622 2017] 0.001 sec [any/0/rel 0 (0,20)] [test1] csweddc
[Fri Dec  8 17:20:18.488 2017] 0.021 sec [any/0/rel 1189 (0,20)] [test1] s
[Fri Dec  8 17:20:21.633 2017] 0.000 sec [any/0/rel 623 (0,20)] [test1] c
[Fri Dec  8 17:20:42.075 2017] 0.000 sec [any/0/rel 0 (0,20)] [test1] ddddddddddddddddd
[Fri Dec  8 17:20:46.793 2017] 0.001 sec [any/0/rel 0 (0,20)] [test1] dddddddddddddddd
[Fri Dec  8 17:20:47.859 2017] 0.000 sec [any/0/rel 0 (0,20)] [test1] ddddddddddddddd
[Fri Dec  8 17:20:48.943 2017] 0.001 sec [any/0/rel 0 (0,20)] [test1] dddddddddddddd
[Fri Dec  8 17:20:50.013 2017] 0.000 sec [any/0/rel 0 (0,20)] [test1] ddddddddddddd
[Fri Dec  8 17:20:51.075 2017] 0.000 sec [any/0/rel 0 (0,20)] [test1] dddddddddddd
[Fri Dec  8 17:20:52.152 2017] 0.016 sec [any/0/rel 0 (0,20)] [test1] ddddddddddd
[Fri Dec  8 17:20:53.255 2017] 0.000 sec [any/0/rel 0 (0,20)] [test1] dddddddddd
[Fri Dec  8 17:20:54.331 2017] 0.001 sec [any/0/rel 0 (0,20)] [test1] ddddddddd
[Fri Dec  8 17:20:55.451 2017] 0.001 sec [any/0/rel 0 (0,20)] [test1] dddddddd
[Fri Dec  8 17:20:56.548 2017] 0.001 sec [any/0/rel 0 (0,20)] [test1] ddddddd
[Fri Dec  8 17:20:57.631 2017] 0.001 sec [any/0/rel 0 (0,20)] [test1] dddddd
[Fri Dec  8 17:20:58.700 2017] 0.000 sec [any/0/rel 0 (0,20)] [test1] ddddd
[Fri Dec  8 17:20:59.780 2017] 0.000 sec [any/0/rel 0 (0,20)] [test1] dddd
[Fri Dec  8 17:21:00.869 2017] 0.001 sec [any/0/rel 1 (0,20)] [test1] ddd
[Fri Dec  8 17:21:01.973 2017] 0.001 sec [any/0/rel 119 (0,20)] [test1] dd
[Fri Dec  8 17:21:03.067 2017] 0.001 sec [any/0/rel 1234 (0,20)] [test1] d
[Fri Dec  8 17:21:05.267 2017] 0.000 sec [any/0/rel 623 (0,20)] [test1] c
[Fri Dec  8 17:21:06.385 2017] 0.022 sec [any/0/rel 26 (0,20)] [test1] cc
[Fri Dec  8 17:21:12.120 2017] 0.001 sec [any/0/rel 0 (0,20)] [test1] ddddddddddddddddd
[Fri Dec  8 17:21:15.662 2017] 0.000 sec [any/0/rel 0 (0,20)] [test1] dddddddddddddddddd
[Fri Dec  8 17:21:16.728 2017] 0.001 sec [any/0/rel 0 (0,20)] [test1] dddddddddddddddddds
[Fri Dec  8 17:22:54.204 2017] 0.001 sec [any/0/rel 0 (0,20)] [test1] ddddddddddddddddd
[Fri Dec  8 17:22:56.315 2017] 0.000 sec [any/0/rel 0 (0,20)] [test1] dddddddddddddddddd
[Fri Dec  8 17:24:18.344 2017] 0.002 sec [any/0/rel 0 (0,20)] [test1] ddddddddddddddddd
[Fri Dec  8 17:24:23.374 2017] 0.040 sec [any/0/rel 391 (0,20)] [test1] e
[Fri Dec  8 17:24:24.453 2017] 0.000 sec [any/0/rel 0 (0,20)] [test1] ee
[Fri Dec  8 17:24:25.542 2017] 0.001 sec [any/0/rel 0 (0,20)] [test1] eee
[Fri Dec  8 17:24:37.923 2017] 0.000 sec [any/0/rel 1189 (0,20)] [test1] s
[Fri Dec  8 17:24:39.177 2017] 0.018 sec [any/0/rel 389 (0,20)] [test1] sd
[Fri Dec  8 17:24:59.121 2017] 0.021 sec [any/0/rel 7 (0,20)] [test1] sdd
[Fri Dec  8 17:26:18.149 2017] 0.001 sec [any/0/rel 0 (0,20)] [test1] sdddc
[Fri Dec  8 17:26:21.410 2017] 0.001 sec [any/0/rel 0 (0,20)] [test1] sdddcs
[Fri Dec  8 17:26:24.471 2017] 0.000 sec [any/0/rel 257 (0,20)] [test1] a
[Fri Dec  8 17:26:25.811 2017] 0.003 sec [any/0/rel 1189 (0,20)] [test1] s
[Fri Dec  8 17:26:28.048 2017] 0.002 sec [any/0/rel 389 (0,20)] [test1] sd
[Fri Dec  8 17:28:43.853 2017] 0.001 sec [any/0/rel 0 (0,20)] [test1] ddddddddddddddddd
[Fri Dec  8 17:28:46.419 2017] 0.001 sec [any/0/rel 0 (0,20)] [test1] dddddddddddddddddd
[Fri Dec  8 17:28:48.660 2017] 0.002 sec [any/0/rel 1189 (0,20)] [test1] s
[Fri Dec  8 17:28:49.793 2017] 0.002 sec [any/0/rel 1234 (0,20)] [test1] d
[Fri Dec  8 17:28:51.193 2017] 0.026 sec [any/0/rel 212 (0,20)] [test1] ds
[Fri Dec  8 17:29:18.466 2017] 0.001 sec [any/0/rel 0 (0,20)] [test1] ddddddddddddddddd
[Fri Dec  8 17:29:22.972 2017] 0.002 sec [any/0/rel 1189 (0,20)] [test1] s
[Fri Dec  8 17:29:24.074 2017] 0.000 sec [any/0/rel 391 (0,20)] [test1] e
[Fri Dec  8 17:29:25.195 2017] 0.024 sec [any/0/rel 1 (0,20)] [test1] ed
[Fri Dec  8 17:29:31.186 2017] 0.000 sec [any/0/rel 0 (0,20)] [test1] edc
[Fri Dec  8 17:29:42.985 2017] 0.001 sec [any/0/rel 0 (0,20)] [test1] edcc
[Fri Dec  8 17:30:19.610 2017] 0.000 sec [any/0/rel 0 (0,20)] [test1] ddddddddddddddddd
[Fri Dec  8 17:30:22.594 2017] 0.008 sec [any/0/rel 0 (0,20)] [test1] dddddddddddddddddc
[Fri Dec  8 17:30:25.482 2017] 0.001 sec [any/0/rel 0 (0,20)] [test1] dddddddddddddddddcs
[Fri Dec  8 17:30:28.386 2017] 0.013 sec [any/0/rel 1189 (0,20)] [test1] s
[Fri Dec  8 17:30:29.490 2017] 0.001 sec [any/0/rel 1234 (0,20)] [test1] d
[Fri Dec  8 17:30:30.611 2017] 0.001 sec [any/0/rel 212 (0,20)] [test1] ds
[Fri Dec  8 17:30:31.744 2017] 0.018 sec [any/0/rel 11 (0,20)] [test1] dse
[Fri Dec  8 17:30:32.874 2017] 0.001 sec [any/0/rel 0 (0,20)] [test1] dsec
[Fri Dec  8 17:30:35.833 2017] 0.044 sec [any/0/rel 507 (0,20)] [test1] 熊猫单芯线(100米)
[Fri Dec  8 17:30:53.136 2017] 0.002 sec [any/0/rel 507 (0,20)] [test1] 熊猫单芯线(100米
[Fri Dec  8 17:30:54.253 2017] 0.003 sec [any/0/rel 452 (0,20)] [test1] 熊猫单芯线(100
[Fri Dec  8 17:30:55.390 2017] 0.019 sec [any/0/rel 265 (0,20)] [test1] 熊猫单芯
[Fri Dec  8 17:30:56.512 2017] 0.001 sec [any/0/rel 1484 (0,20)] [test1] 熊猫单芯线(10
[Fri Dec  8 17:30:57.607 2017] 0.002 sec [any/0/rel 128 (0,20)] [test1] 熊猫单芯线
[Fri Dec  8 17:30:58.743 2017] 0.002 sec [any/0/rel 128 (0,20)] [test1] 熊猫单芯线(
[Fri Dec  8 17:30:59.848 2017] 0.001 sec [any/0/rel 128 (0,20)] [test1] 熊猫单
[Fri Dec  8 17:31:01.049 2017] 0.006 sec [any/0/rel 1775 (0,20)] [test1] 熊猫单芯线(1
[Fri Dec  8 17:31:02.161 2017] 0.001 sec [any/0/rel 47 (0,20)] [test1] 熊猫
[Fri Dec  8 17:31:03.277 2017] 0.024 sec [any/0/rel 47 (0,20)] [test1] 熊
[Fri Dec  8 17:34:07.680 2017] 0.000 sec [any/0/rel 1234 (0,20)] [test1] d
[Fri Dec  8 17:34:12.584 2017] 0.002 sec [any/0/rel 1189 (0,20)] [test1] s
[Fri Dec  8 17:34:13.707 2017] 0.002 sec [any/0/rel 1234 (0,20)] [test1] d
[Fri Dec  8 17:34:14.826 2017] 0.001 sec [any/0/rel 212 (0,20)] [test1] ds
[Fri Dec  8 17:34:17.761 2017] 0.023 sec [any/0/rel 380 (0,20)] [test1] 声达松木细木工板
[Fri Dec  8 17:34:27.398 2017] 0.003 sec [any/0/rel 416 (0,20)] [test1] j
[Fri Dec  8 17:34:29.914 2017] 0.026 sec [any/0/rel 22 (0,20)] [test1] js
[Fri Dec  8 17:34:32.653 2017] 0.022 sec [any/0/rel 400 (0,20)] [test1] 声达有节杉木集成
[Fri Dec  8 17:34:33.788 2017] 0.020 sec [any/0/rel 400 (0,20)] [test1] 声达有节杉木集
[Fri Dec  8 17:34:34.934 2017] 0.002 sec [any/0/rel 400 (0,20)] [test1] 声达有节杉木
[Fri Dec  8 17:34:36.047 2017] 0.003 sec [any/0/rel 400 (0,20)] [test1] 声达有节杉
[Fri Dec  8 17:34:37.163 2017] 0.002 sec [any/0/rel 359 (0,20)] [test1] 声达
[Fri Dec  8 17:34:38.314 2017] 0.003 sec [any/0/rel 359 (0,20)] [test1] 声达有
[Fri Dec  8 17:34:39.461 2017] 0.003 sec [any/0/rel 394 (0,20)] [test1] 声达有节
[Fri Dec  8 17:34:40.554 2017] 0.001 sec [any/0/rel 359 (0,20)] [test1] 声
[Fri Dec  8 17:34:42.768 2017] 0.002 sec [any/0/rel 1234 (0,20)] [test1] d
[Fri Dec  8 17:34:43.866 2017] 0.002 sec [any/0/rel 22 (0,20)] [test1] dw
[Fri Dec  8 17:34:44.996 2017] 0.002 sec [any/0/rel 1234 (0,20)] [test1] d
[Fri Dec  8 17:34:47.206 2017] 0.002 sec [any/0/rel 1189 (0,20)] [test1] s
[Fri Dec  8 17:34:48.321 2017] 0.002 sec [any/0/rel 1234 (0,20)] [test1] d
[Fri Dec  8 17:34:50.524 2017] 0.003 sec [any/0/rel 1189 (0,20)] [test1] s
[Fri Dec  8 17:34:51.610 2017] 0.008 sec [any/0/rel 1220 (0,20)] [test1] 施耐德断路器s
[Fri Dec  8 17:34:52.723 2017] 0.002 sec [any/0/rel 1234 (0,20)] [test1] d
[Fri Dec  8 17:34:53.815 2017] 0.001 sec [any/0/rel 22 (0,20)] [test1] dw
[Fri Dec  8 17:34:54.916 2017] 0.002 sec [any/0/rel 1234 (0,20)] [test1] d
[Fri Dec  8 17:34:59.466 2017] 0.002 sec [any/0/rel 212 (0,20)] [test1] ds
[Fri Dec  8 17:35:03.780 2017] 0.001 sec [any/0/rel 0 (0,20)] [test1] dsa
[Fri Dec  8 17:35:06.833 2017] 0.002 sec [any/0/rel 0 (0,20)] [test1] dsad
[Fri Dec  8 17:35:11.555 2017] 0.002 sec [any/0/rel 507 (0,20)] [test1] 熊猫单芯线(100米)
[Fri Dec  8 17:35:49.696 2017] 0.003 sec [any/0/rel 507 (0,20)] [test1] 熊猫单芯线(100米)
[Fri Dec  8 17:35:50.770 2017] 0.002 sec [any/0/rel 507 (0,20)] [test1] 熊猫单芯线(100米
[Fri Dec  8 17:35:51.876 2017] 0.002 sec [any/0/rel 452 (0,20)] [test1] 熊猫单芯线(100
[Fri Dec  8 17:35:52.973 2017] 0.003 sec [any/0/rel 1484 (0,20)] [test1] 熊猫单芯线(10
[Fri Dec  8 17:35:54.079 2017] 0.004 sec [any/0/rel 1775 (0,20)] [test1] 熊猫单芯线(1
[Fri Dec  8 17:35:55.203 2017] 0.002 sec [any/0/rel 128 (0,20)] [test1] 熊猫单芯线(
[Fri Dec  8 17:35:56.312 2017] 0.001 sec [any/0/rel 128 (0,20)] [test1] 熊猫单芯线
[Fri Dec  8 17:35:57.425 2017] 0.002 sec [any/0/rel 265 (0,20)] [test1] 熊猫单芯
[Fri Dec  8 17:35:58.607 2017] 0.001 sec [any/0/rel 0 (0,20)] [test1] xiong
[Fri Dec  8 17:36:00.197 2017] 0.001 sec [any/0/rel 128 (0,20)] [test1] 熊猫单
[Fri Dec  8 17:36:01.291 2017] 0.002 sec [any/0/rel 47 (0,20)] [test1] 熊猫
[Fri Dec  8 17:36:02.378 2017] 0.001 sec [any/0/rel 47 (0,20)] [test1] 熊
[Fri Dec  8 17:36:04.601 2017] 0.008 sec [any/0/rel 626 (0,20)] [test1] x
[Fri Dec  8 17:36:05.723 2017] 0.000 sec [any/0/rel 0 (0,20)] [test1] xi
[Fri Dec  8 17:36:06.901 2017] 0.000 sec [any/0/rel 0 (0,20)] [test1] ,
[Fri Dec  8 17:36:07.976 2017] 0.002 sec [any/0/rel 257 (0,20)] [test1] ,a
[Fri Dec  8 17:36:09.125 2017] 0.002 sec [any/0/rel 257 (0,20)] [test1] ,a
[Fri Dec  8 17:36:10.374 2017] 0.013 sec [any/0/rel 2 (0,20)] [test1] ,ap
[Fri Dec  8 17:36:11.507 2017] 0.001 sec [any/0/rel 0 (0,20)] [test1] ,
[Fri Dec  8 17:36:13.746 2017] 0.002 sec [any/0/rel 1234 (0,20)] [test1] d
[Fri Dec  8 17:36:14.861 2017] 0.001 sec [any/0/rel 212 (0,20)] [test1] ds
[Fri Dec  8 17:36:15.990 2017] 0.003 sec [any/0/rel 1234 (0,20)] [test1] d
[Fri Dec  8 17:36:18.191 2017] 0.002 sec [any/0/rel 1189 (0,20)] [test1] s
[Fri Dec  8 17:36:19.316 2017] 0.001 sec [any/0/rel 389 (0,20)] [test1] sd
[Fri Dec  8 17:36:20.413 2017] 0.000 sec [any/0/rel 1189 (0,20)] [test1] s
[Fri Dec  8 17:36:21.473 2017] 0.001 sec [any/0/rel 389 (0,20)] [test1] sd
[Fri Dec  8 17:36:25.350 2017] 0.002 sec [any/0/rel 1189 (0,20)] [test1] s
[Fri Dec  8 17:36:27.324 2017] 0.002 sec [any/0/rel 389 (0,20)] [test1] sd
[Fri Dec  8 17:36:36.603 2017] 0.025 sec [any/0/rel 481 (0,20)] [test1] 声达红芯细木工
[Fri Dec  8 17:36:37.687 2017] 0.004 sec [any/0/rel 524 (0,20)] [test1] 声达红芯细木
[Fri Dec  8 17:36:38.774 2017] 0.002 sec [any/0/rel 469 (0,20)] [test1] 声达红芯细
[Fri Dec  8 17:36:39.894 2017] 0.002 sec [any/0/rel 462 (0,20)] [test1] 声达红芯
[Fri Dec  8 17:36:41.022 2017] 0.001 sec [any/0/rel 408 (0,20)] [test1] 声达红
[Fri Dec  8 17:36:42.126 2017] 0.002 sec [any/0/rel 359 (0,20)] [test1] 声达
[Fri Dec  8 17:36:43.234 2017] 0.001 sec [any/0/rel 359 (0,20)] [test1] 声
[Fri Dec  8 17:36:45.413 2017] 0.001 sec [any/0/rel 416 (0,20)] [test1] j
[Fri Dec  8 17:36:46.506 2017] 0.001 sec [any/0/rel 0 (0,20)] [test1] ji
[Fri Dec  8 17:36:47.620 2017] 0.001 sec [any/0/rel 0 (0,20)] [test1] jia
[Fri Dec  8 17:36:48.736 2017] 0.001 sec [any/0/rel 0 (0,20)] [test1] jian
[Fri Dec  8 17:36:49.844 2017] 0.001 sec [any/0/rel 0 (0,20)] [test1] jiang
[Fri Dec  8 17:36:50.947 2017] 0.001 sec [any/0/rel 0 (0,20)] [test1] jian
[Fri Dec  8 17:36:52.055 2017] 0.001 sec [any/0/rel 0 (0,20)] [test1] jia
[Fri Dec  8 17:36:53.168 2017] 0.001 sec [any/0/rel 0 (0,20)] [test1] ji
[Fri Dec  8 17:36:54.275 2017] 0.001 sec [any/0/rel 416 (0,20)] [test1] j
[Fri Dec  8 17:36:56.475 2017] 0.002 sec [any/0/rel 1189 (0,20)] [test1] s
[Fri Dec  8 17:36:57.578 2017] 0.000 sec [any/0/rel 389 (0,20)] [test1] sd
[Fri Dec  8 17:36:58.657 2017] 0.002 sec [any/0/rel 1189 (0,20)] [test1] s
[Fri Dec  8 17:36:59.739 2017] 0.000 sec [any/0/rel 389 (0,20)] [test1] sd
[Fri Dec  8 17:37:00.862 2017] 0.001 sec [any/0/rel 1189 (0,20)] [test1] s
[Fri Dec  8 17:37:03.048 2017] 0.002 sec [any/0/rel 1189 (0,20)] [test1] s
[Fri Dec  8 17:37:04.151 2017] 0.001 sec [any/0/rel 389 (0,20)] [test1] sd
[Fri Dec  8 17:40:44.677 2017] 0.001 sec [any/0/rel 0 (0,20)] [test1] xiong
[Fri Dec  8 17:40:47.726 2017] 0.000 sec [any/0/rel 0 (0,20)] [test1] xion
[Fri Dec  8 17:40:48.816 2017] 0.001 sec [any/0/rel 0 (0,20)] [test1] xio
[Fri Dec  8 17:40:49.964 2017] 0.029 sec [any/0/rel 10 (0,20)] [test1] xd
[Fri Dec  8 17:40:51.134 2017] 0.001 sec [any/0/rel 0 (0,20)] [test1] xi
[Fri Dec  8 17:40:52.247 2017] 0.002 sec [any/0/rel 626 (0,20)] [test1] x
[Fri Dec  8 17:40:53.397 2017] 0.000 sec [any/0/rel 10 (0,20)] [test1] xd
[Fri Dec  8 17:40:54.533 2017] 0.001 sec [any/0/rel 0 (0,20)] [test1] xda
[Fri Dec  8 17:40:55.641 2017] 0.001 sec [any/0/rel 626 (0,20)] [test1] x
[Fri Dec  8 17:40:57.824 2017] 0.003 sec [any/0/rel 1189 (0,20)] [test1] s
[Fri Dec  8 17:41:00.004 2017] 0.002 sec [any/0/rel 1189 (0,20)] [test1] s
[Fri Dec  8 17:41:01.118 2017] 0.002 sec [any/0/rel 1234 (0,20)] [test1] d
[Fri Dec  8 17:41:02.221 2017] 0.002 sec [any/0/rel 1189 (0,20)] [test1] s
[Fri Dec  8 17:41:05.529 2017] 0.019 sec [any/0/rel 484 (0,20)] [test1] 声达钢排钉
[Fri Dec  8 17:41:12.158 2017] 0.020 sec [any/0/rel 661 (0,20)] [test1] z
[Fri Dec  8 17:41:13.284 2017] 0.002 sec [any/0/rel 2 (0,20)] [test1] zh
[Fri Dec  8 17:41:14.353 2017] 0.001 sec [any/0/rel 0 (0,20)] [test1] zha
[Fri Dec  8 17:41:15.458 2017] 0.001 sec [any/0/rel 0 (0,20)] [test1] zhan
[Fri Dec  8 17:41:16.583 2017] 0.001 sec [any/0/rel 0 (0,20)] [test1] zhang
[Fri Dec  8 17:41:17.667 2017] 0.002 sec [any/0/rel 1189 (0,20)] [test1] s
[Fri Dec  8 17:41:19.861 2017] 0.003 sec [any/0/rel 1234 (0,20)] [test1] d
[Fri Dec  8 17:42:50.459 2017] 0.000 sec [any/0/rel 1189 (0,20)] [test1] s
[Fri Dec  8 17:42:53.076 2017] 0.001 sec [any/0/rel 389 (0,20)] [test1] sd
[Fri Dec  8 17:42:56.666 2017] 0.003 sec [any/0/rel 469 (0,20)] [test1] 声达红芯细木工板
[Fri Dec  8 17:44:09.867 2017] 0.002 sec [any/0/rel 481 (0,20)] [test1] 声达红芯细木工
[Fri Dec  8 17:44:10.997 2017] 0.003 sec [any/0/rel 524 (0,20)] [test1] 声达红芯细木
[Fri Dec  8 17:44:12.124 2017] 0.002 sec [any/0/rel 469 (0,20)] [test1] 声达红芯细
[Fri Dec  8 17:44:13.266 2017] 0.003 sec [any/0/rel 462 (0,20)] [test1] 声达红芯
[Fri Dec  8 17:44:14.381 2017] 0.002 sec [any/0/rel 359 (0,20)] [test1] 声
[Fri Dec  8 17:44:15.548 2017] 0.002 sec [any/0/rel 359 (0,20)] [test1] 声达
[Fri Dec  8 17:44:16.736 2017] 0.003 sec [any/0/rel 408 (0,20)] [test1] 声达红
[Fri Dec  8 17:44:18.938 2017] 0.001 sec [any/0/rel 626 (0,20)] [test1] x
[Fri Dec  8 17:44:20.035 2017] 0.001 sec [any/0/rel 10 (0,20)] [test1] xd
[Fri Dec  8 17:44:21.132 2017] 0.001 sec [any/0/rel 0 (0,20)] [test1] xda
[Fri Dec  8 17:44:26.339 2017] 0.002 sec [any/0/rel 1189 (0,20)] [test1] s
[Fri Dec  8 17:44:27.453 2017] 0.002 sec [any/0/rel 1234 (0,20)] [test1] d
[Fri Dec  8 17:44:29.641 2017] 0.000 sec [any/0/rel 1189 (0,20)] [test1] s
[Fri Dec  8 17:44:30.754 2017] 0.001 sec [any/0/rel 389 (0,20)] [test1] sd
[Fri Dec  8 17:44:31.856 2017] 0.002 sec [any/0/rel 1189 (0,20)] [test1] s
[Fri Dec  8 17:44:32.972 2017] 0.001 sec [any/0/rel 389 (0,20)] [test1] sd
[Fri Dec  8 17:56:34.688 2017] 0.012 sec [any/0/rel 507 (0,20)] [test1] 熊猫单芯线(100米
[Fri Dec  8 17:56:35.786 2017] 0.002 sec [any/0/rel 265 (0,20)] [test1] 熊猫单芯
[Fri Dec  8 17:56:36.975 2017] 0.001 sec [any/0/rel 452 (0,20)] [test1] 熊猫单芯线(100
[Fri Dec  8 17:56:38.124 2017] 0.005 sec [any/0/rel 1484 (0,20)] [test1] 熊猫单芯线(10
[Fri Dec  8 17:56:39.351 2017] 0.022 sec [any/0/rel 1775 (0,20)] [test1] 熊猫单芯线(1
[Fri Dec  8 17:56:40.536 2017] 0.011 sec [any/0/rel 128 (0,20)] [test1] 熊猫单芯线(
[Fri Dec  8 17:56:41.787 2017] 0.002 sec [any/0/rel 128 (0,20)] [test1] 熊猫单芯线
[Fri Dec  8 17:56:42.914 2017] 0.001 sec [any/0/rel 128 (0,20)] [test1] 熊猫单
[Fri Dec  8 17:56:43.997 2017] 0.001 sec [any/0/rel 47 (0,20)] [test1] 熊猫
[Fri Dec  8 17:56:45.100 2017] 0.001 sec [any/0/rel 47 (0,20)] [test1] 熊
[Fri Dec  8 17:56:47.313 2017] 0.002 sec [any/0/rel 623 (0,20)] [test1] c
[Fri Dec  8 17:56:49.552 2017] 0.001 sec [any/0/rel 1234 (0,20)] [test1] d
[Fri Dec  8 17:56:50.625 2017] 0.016 sec [any/0/rel 6 (0,20)] [test1] da
[Fri Dec  8 17:56:51.719 2017] 0.001 sec [any/0/rel 0 (0,20)] [test1] daw
[Fri Dec  8 17:56:52.817 2017] 0.001 sec [any/0/rel 6 (0,20)] [test1] da
[Fri Dec  8 17:56:53.902 2017] 0.002 sec [any/0/rel 1234 (0,20)] [test1] d
[Fri Dec  8 17:56:56.110 2017] 0.001 sec [any/0/rel 1189 (0,20)] [test1] s
[Fri Dec  8 17:56:57.211 2017] 0.002 sec [any/0/rel 1189 (0,20)] [test1] s
[Fri Dec  8 17:56:58.334 2017] 0.002 sec [any/0/rel 1189 (0,20)] [test1] s
[Fri Dec  8 17:56:59.457 2017] 0.001 sec [any/0/rel 1189 (0,20)] [test1] s
[Fri Dec  8 17:57:15.698 2017] 0.002 sec [any/0/rel 1189 (0,20)] [test1] s
[Fri Dec  8 17:57:18.584 2017] 0.003 sec [any/0/rel 1189 (0,20)] [test1] s
[Fri Dec  8 17:57:37.518 2017] 0.003 sec [any/0/rel 1189 (0,20)] [test1] s
[Fri Dec  8 17:57:43.420 2017] 0.001 sec [any/0/rel 389 (0,20)] [test1] sd
[Fri Dec  8 17:57:59.061 2017] 0.052 sec [any/0/rel 709 (0,20)] [test1] 声达小白松细木工板
[Fri Dec  8 17:59:19.546 2017] 0.002 sec [any/0/rel 1189 (0,20)] [test1] s
[Fri Dec  8 17:59:23.643 2017] 0.002 sec [any/0/rel 389 (0,20)] [test1] sd
[Fri Dec  8 17:59:34.053 2017] 0.018 sec [any/0/rel 1276 (0,20)] [test1] 声达杉木芯厚皮细木工板d
[Fri Dec  8 17:59:35.450 2017] 0.003 sec [any/0/rel 449 (0,20)] [test1] 声达杉木芯厚皮细木工板
[Fri Dec  8 17:59:36.550 2017] 0.003 sec [any/0/rel 461 (0,20)] [test1] 声达杉木芯厚皮细木工
[Fri Dec  8 17:59:37.874 2017] 0.003 sec [any/0/rel 494 (0,20)] [test1] 声达杉木芯厚皮细木
[Fri Dec  8 17:59:39.573 2017] 0.001 sec [any/0/rel 449 (0,20)] [test1] 声达杉木芯厚皮细
[Fri Dec  8 17:59:41.099 2017] 0.001 sec [any/0/rel 443 (0,20)] [test1] 声达杉木芯厚皮
[Fri Dec  8 17:59:43.588 2017] 0.001 sec [any/0/rel 439 (0,20)] [test1] 声达杉木芯厚
[Fri Dec  8 17:59:45.538 2017] 0.000 sec [any/0/rel 421 (0,20)] [test1] 声达杉木芯
[Fri Dec  8 17:59:47.408 2017] 0.002 sec [any/0/rel 365 (0,20)] [test1] 声达杉木
[Fri Dec  8 17:59:49.453 2017] 0.002 sec [any/0/rel 365 (0,20)] [test1] 声达杉
[Fri Dec  8 18:01:49.974 2017] 0.003 sec [any/0/rel 469 (0,20)] [test1] 声达红芯细木工板
[Fri Dec  8 18:01:54.189 2017] 0.001 sec [any/0/rel 257 (0,20)] [test1] a
[Fri Dec  8 18:01:55.308 2017] 0.002 sec [any/0/rel 1189 (0,20)] [test1] s
[Fri Dec  8 18:01:58.884 2017] 0.002 sec [any/0/rel 389 (0,20)] [test1] sd
[Fri Dec  8 18:02:03.346 2017] 0.002 sec [any/0/rel 1189 (0,20)] [test1] s
[Fri Dec  8 18:02:05.616 2017] 0.001 sec [any/0/rel 1189 (0,20)] [test1] s
[Fri Dec  8 18:02:06.690 2017] 0.001 sec [any/0/rel 389 (0,20)] [test1] sd
[Fri Dec  8 18:02:07.771 2017] 0.002 sec [any/0/rel 1189 (0,20)] [test1] s
[Fri Dec  8 18:02:09.227 2017] 0.001 sec [any/0/rel 389 (0,20)] [test1] sd
[Fri Dec  8 18:02:14.424 2017] 0.021 sec [any/0/rel 432 (0,20)] [test1] 声达花旗松细木工
[Fri Dec  8 18:02:15.542 2017] 0.003 sec [any/0/rel 482 (0,20)] [test1] 声达花旗松细木
[Fri Dec  8 18:02:16.651 2017] 0.002 sec [any/0/rel 420 (0,20)] [test1] 声达花旗松细
[Fri Dec  8 18:02:17.774 2017] 0.002 sec [any/0/rel 407 (0,20)] [test1] 声达花旗松
[Fri Dec  8 18:02:18.883 2017] 0.002 sec [any/0/rel 378 (0,20)] [test1] 声达花旗
[Fri Dec  8 18:02:19.976 2017] 0.002 sec [any/0/rel 378 (0,20)] [test1] 声达花
[Fri Dec  8 18:02:21.079 2017] 0.002 sec [any/0/rel 359 (0,20)] [test1] 声达
[Fri Dec  8 18:02:22.199 2017] 0.001 sec [any/0/rel 359 (0,20)] [test1] 声
[Fri Dec  8 18:02:24.412 2017] 0.002 sec [any/0/rel 1189 (0,20)] [test1] s
[Fri Dec  8 18:02:25.521 2017] 0.001 sec [any/0/rel 40 (0,20)] [test1] ss
[Fri Dec  8 18:02:26.601 2017] 0.002 sec [any/0/rel 1189 (0,20)] [test1] s
[Fri Dec  8 18:02:27.703 2017] 0.000 sec [any/0/rel 389 (0,20)] [test1] sd
[Fri Dec  8 18:02:28.781 2017] 0.002 sec [any/0/rel 432 (0,20)] [test1] 声达花旗松细木工
[Fri Dec  8 18:02:29.897 2017] 0.003 sec [any/0/rel 482 (0,20)] [test1] 声达花旗松细木
[Fri Dec  8 18:02:31.002 2017] 0.002 sec [any/0/rel 420 (0,20)] [test1] 声达花旗松细
[Fri Dec  8 18:02:32.094 2017] 0.002 sec [any/0/rel 407 (0,20)] [test1] 声达花旗松
[Fri Dec  8 18:02:33.211 2017] 0.002 sec [any/0/rel 378 (0,20)] [test1] 声达花旗
[Fri Dec  8 18:02:34.319 2017] 0.002 sec [any/0/rel 378 (0,20)] [test1] 声达花
[Fri Dec  8 18:02:35.428 2017] 0.001 sec [any/0/rel 359 (0,20)] [test1] 声达
[Fri Dec  8 18:02:36.517 2017] 0.001 sec [any/0/rel 359 (0,20)] [test1] 声
[Fri Dec  8 18:02:38.709 2017] 0.002 sec [any/0/rel 1189 (0,20)] [test1] s
[Fri Dec  8 18:02:39.817 2017] 0.002 sec [any/0/rel 1189 (0,20)] [test1] s
[Fri Dec  8 18:02:42.693 2017] 0.002 sec [any/0/rel 1189 (0,20)] [test1] s
[Fri Dec  8 18:02:43.796 2017] 0.001 sec [any/0/rel 389 (0,20)] [test1] sd
[Fri Dec  8 18:02:49.550 2017] 0.000 sec [any/0/rel 392 (0,20)] [test1] 声达松木细木工
[Fri Dec  8 18:02:50.611 2017] 0.002 sec [any/0/rel 442 (0,20)] [test1] 声达松木细木
[Fri Dec  8 18:02:51.743 2017] 0.005 sec [any/0/rel 380 (0,20)] [test1] 声达松木细
[Fri Dec  8 18:02:55.601 2017] 0.021 sec [any/0/rel 545 (0,20)] [test1] 声达松木生态板
[Wed Dec 13 12:01:09.917 2017] 0.161 sec [any/0/rel 0 (0,20)] [test1] 商品名称/商品编码/商品拼音缩写
[Wed Dec 13 16:45:48.002 2017] 0.192 sec [any/0/rel 546 (0,20)] [test1] 声达柚木生态板
[Wed Dec 13 16:45:55.683 2017] 0.032 sec [any/0/rel 546 (0,20)] [test1] 声达柚木生态板
[Wed Dec 13 16:46:04.273 2017] 0.023 sec [any/0/rel 398 (0,20)] [test1] 声达柚木生态
[Wed Dec 13 16:46:05.425 2017] 0.042 sec [any/0/rel 399 (0,20)] [test1] 声达柚木生
[Wed Dec 13 16:46:06.568 2017] 0.001 sec [any/0/rel 365 (0,20)] [test1] 声达柚
[Wed Dec 13 16:46:07.721 2017] 0.003 sec [any/0/rel 364 (0,20)] [test1] 声达柚木
[Wed Dec 13 16:46:08.809 2017] 0.002 sec [any/0/rel 359 (0,20)] [test1] 声达
[Wed Dec 13 16:46:09.929 2017] 0.014 sec [any/0/rel 359 (0,20)] [test1] 声达
[Wed Dec 13 16:46:11.121 2017] 0.004 sec [any/0/rel 380 (0,20)] [test1] 声达松木细木工板
[Wed Dec 13 16:46:12.865 2017] 0.002 sec [any/0/rel 380 (0,20)] [test1] 声达松木细木工板
[Wed Dec 13 16:46:17.301 2017] 0.024 sec [any/0/rel 392 (0,20)] [test1] 声达松木细木工
[Wed Dec 13 16:46:18.367 2017] 0.004 sec [any/0/rel 442 (0,20)] [test1] 声达松木细木
[Wed Dec 13 16:46:19.488 2017] 0.002 sec [any/0/rel 380 (0,20)] [test1] 声达松木细
[Wed Dec 13 16:46:20.589 2017] 0.002 sec [any/0/rel 364 (0,20)] [test1] 声达松木
[Wed Dec 13 16:46:21.775 2017] 0.012 sec [any/0/rel 390 (0,20)] [test1] 声达松
[Wed Dec 13 16:46:22.932 2017] 0.001 sec [any/0/rel 359 (0,20)] [test1] 声达
[Wed Dec 13 16:46:24.011 2017] 0.002 sec [any/0/rel 359 (0,20)] [test1] 声达
[Wed Dec 13 16:46:25.177 2017] 0.002 sec [any/0/rel 545 (0,20)] [test1] 声达松木生态板
[Wed Dec 13 17:07:31.784 2017] 0.037 sec [any/0/rel 1234 (0,20)] [test1] d
[Wed Dec 13 17:07:35.715 2017] 0.002 sec [any/0/rel 1234 (0,20)] [test1] d
[Wed Dec 13 17:16:46.154 2017] 0.001 sec [any/0/rel 1234 (0,20)] [test1] d
[Wed Dec 13 17:35:03.593 2017] 0.002 sec [any/0/rel 1234 (0,20)] [test1] d
[Wed Dec 13 17:48:17.530 2017] 0.024 sec [any/0/rel 257 (0,20)] [test1] a
[Wed Dec 13 18:01:17.765 2017] 0.024 sec [any/0/rel 623 (0,20)] [test1] c
[Wed Dec 13 18:02:46.053 2017] 0.057 sec [any/0/rel 20 (0,20)] [test1] cx
[Wed Dec 13 18:04:24.103 2017] 0.028 sec [any/0/rel 6 (0,20)] [test1] cxs
[Wed Dec 13 18:04:41.029 2017] 0.000 sec [any/0/rel 257 (0,20)] [test1] a
[Wed Dec 13 18:04:59.266 2017] 0.045 sec [any/0/rel 7 (0,20)] [test1] ab
[Wed Dec 13 18:05:16.092 2017] 0.001 sec [any/0/rel 0 (0,20)] [test1] abc
[Wed Dec 13 18:06:03.658 2017] 0.001 sec [any/0/rel 7 (0,20)] [test1] ab
[Wed Dec 13 18:06:19.160 2017] 0.002 sec [any/0/rel 257 (0,20)] [test1] a
[Wed Dec 13 18:06:49.230 2017] 0.029 sec [any/0/rel 661 (0,20)] [test1] z
[Wed Dec 13 18:07:33.703 2017] 0.018 sec [any/0/rel 81 (0,20)] [test1] zs
[Wed Dec 13 18:08:52.050 2017] 0.000 sec [any/0/rel 661 (0,20)] [test1] z
[Wed Dec 13 18:09:22.086 2017] 0.017 sec [any/0/rel 1189 (0,20)] [test1] s
[Wed Dec 13 18:09:41.629 2017] 0.039 sec [any/0/rel 1 (0,20)] [test1] sa
[Wed Dec 13 18:09:57.129 2017] 0.000 sec [any/0/rel 0 (0,20)] [test1] sas
[Wed Dec 13 18:10:13.892 2017] 0.000 sec [any/0/rel 0 (0,20)] [test1] sasa
[Wed Dec 13 18:12:29.970 2017] 0.001 sec [any/0/rel 1189 (0,20)] [test1] s
[Wed Dec 13 18:12:46.721 2017] 0.001 sec [any/0/rel 15 (0,20)] [test1] sq
[Wed Dec 13 18:13:04.066 2017] 0.001 sec [any/0/rel 15 (0,20)] [test1] sq
[Wed Dec 13 18:13:20.809 2017] 0.024 sec [any/0/rel 7 (0,20)] [test1] he
[Wed Dec 13 18:13:37.587 2017] 0.000 sec [any/0/rel 7 (0,20)] [test1] he
[Wed Dec 13 18:13:54.281 2017] 0.000 sec [any/0/rel 0 (0,20)] [test1] hei
[Wed Dec 13 18:14:09.915 2017] 0.052 sec [any/0/rel 33 (0,20)] [test1] 黑
[Wed Dec 13 18:14:42.374 2017] 0.028 sec [any/0/rel 303 (0,20)] [test1] q
[Wed Dec 13 18:14:57.924 2017] 0.001 sec [any/0/rel 0 (0,20)] [test1] qa
[Wed Dec 13 18:17:51.907 2017] 0.002 sec [any/0/rel 303 (0,20)] [test1] q
[Wed Dec 13 18:18:38.590 2017] 0.001 sec [any/0/rel 303 (0,20)] [test1] q
[Wed Dec 13 18:19:43.846 2017] 0.002 sec [any/0/rel 303 (0,20)] [test1] q
[Wed Dec 13 18:24:36.445 2017] 0.002 sec [any/0/rel 303 (40,20)] [test1] q
[Wed Dec 13 18:25:37.013 2017] 0.001 sec [any/0/rel 257 (0,20)] [test1] a
[Wed Dec 13 18:26:09.591 2017] 0.001 sec [any/0/rel 303 (0,20)] [test1] q
[Wed Dec 13 18:26:26.425 2017] 0.001 sec [any/0/rel 0 (0,20)] [test1] qa
[Thu Dec 14 09:28:50.927 2017] 0.026 sec [any/0/rel 623 (0,20)] [test1] c
[Thu Dec 14 09:28:53.716 2017] 0.076 sec [any/0/rel 203 (0,20)] [test1] 中财PVC电工管
[Thu Dec 14 09:28:55.497 2017] 0.017 sec [any/0/rel 203 (0,20)] [test1] 中财PVC电工管
[Thu Dec 14 14:07:29.111 2017] 0.178 sec [any/0/rel 977 (0,20)] [test1] 杰科C牛王石膏板
[Fri Dec 15 11:30:41.430 2017] 0.027 sec [any/0/rel 1234 (0,20)] [test1] d
[Fri Dec 15 11:30:43.912 2017] 0.001 sec [any/0/rel 0 (0,20)] [test1]  
[Fri Dec 15 11:30:45.108 2017] 0.003 sec [any/0/rel 1234 (0,20)] [test1]  d
[Fri Dec 15 11:30:46.271 2017] 0.001 sec [any/0/rel 0 (0,20)] [test1]  
[Fri Dec 15 11:30:47.368 2017] 0.002 sec [any/0/rel 1234 (0,20)] [test1] d
[Fri Dec 15 11:30:48.478 2017] 0.001 sec [any/0/rel 1234 (0,20)] [test1] d
[Fri Dec 15 11:30:49.594 2017] 0.012 sec [any/0/rel 212 (0,20)] [test1] ds
[Fri Dec 15 11:30:50.694 2017] 0.001 sec [any/0/rel 0 (0,20)] [test1] dsa
[Fri Dec 15 11:30:51.808 2017] 0.001 sec [any/0/rel 212 (0,20)] [test1] ds
[Fri Dec 15 11:30:52.930 2017] 0.020 sec [any/0/rel 661 (0,20)] [test1] z
[Fri Dec 15 11:30:54.124 2017] 0.003 sec [any/0/rel 1234 (0,20)] [test1] d
[Fri Dec 15 11:30:56.560 2017] 0.095 sec [any/0/rel 507 (0,20)] [test1] 熊猫单芯线(100米
[Fri Dec 15 11:30:57.656 2017] 0.002 sec [any/0/rel 452 (0,20)] [test1] 熊猫单芯线(100
[Fri Dec 15 11:30:58.746 2017] 0.003 sec [any/0/rel 1484 (0,20)] [test1] 熊猫单芯线(10
[Fri Dec 15 11:30:59.816 2017] 0.005 sec [any/0/rel 1775 (0,20)] [test1] 熊猫单芯线(1
[Fri Dec 15 11:31:00.913 2017] 0.001 sec [any/0/rel 128 (0,20)] [test1] 熊猫单芯线(
[Fri Dec 15 11:31:02.021 2017] 0.002 sec [any/0/rel 1234 (0,20)] [test1] d
[Fri Dec 15 11:31:03.120 2017] 0.002 sec [any/0/rel 507 (0,20)] [test1] 熊猫单芯线(100米
[Fri Dec 15 11:31:04.228 2017] 0.002 sec [any/0/rel 452 (0,20)] [test1] 熊猫单芯线(100
[Fri Dec 15 11:31:05.334 2017] 0.003 sec [any/0/rel 1484 (0,20)] [test1] 熊猫单芯线(10
[Fri Dec 15 11:31:06.461 2017] 0.005 sec [any/0/rel 1775 (0,20)] [test1] 熊猫单芯线(1
[Fri Dec 15 11:31:07.530 2017] 0.001 sec [any/0/rel 128 (0,20)] [test1] 熊猫单芯线(
[Fri Dec 15 11:31:08.631 2017] 0.001 sec [any/0/rel 128 (0,20)] [test1] 熊猫单芯线
[Fri Dec 15 11:31:09.774 2017] 0.049 sec [any/0/rel 265 (0,20)] [test1] 熊猫单芯
[Fri Dec 15 11:31:10.903 2017] 0.001 sec [any/0/rel 128 (0,20)] [test1] 熊猫单
[Fri Dec 15 11:31:12.017 2017] 0.001 sec [any/0/rel 47 (0,20)] [test1] 熊猫
[Fri Dec 15 11:31:13.129 2017] 0.012 sec [any/0/rel 47 (0,20)] [test1] 熊
[Fri Dec 15 11:31:15.335 2017] 0.001 sec [any/0/rel 661 (0,20)] [test1] z
[Fri Dec 15 11:31:16.420 2017] 0.002 sec [any/0/rel 81 (0,20)] [test1] zs
[Fri Dec 15 11:31:17.546 2017] 0.002 sec [any/0/rel 661 (0,20)] [test1] z
[Fri Dec 15 11:31:19.761 2017] 0.017 sec [any/0/rel 1189 (0,20)] [test1] s
[Fri Dec 15 11:31:20.870 2017] 0.003 sec [any/0/rel 389 (0,20)] [test1] sd
[Fri Dec 15 11:31:21.979 2017] 0.002 sec [any/0/rel 1189 (0,20)] [test1] s
[Fri Dec 15 11:31:24.198 2017] 0.027 sec [any/0/rel 257 (0,20)] [test1] a
[Fri Dec 15 11:31:26.407 2017] 0.001 sec [any/0/rel 661 (0,20)] [test1] z
[Fri Dec 15 11:31:29.718 2017] 0.001 sec [any/0/rel 661 (0,20)] [test1] z
[Fri Dec 15 11:31:30.804 2017] 0.002 sec [any/0/rel 661 (0,20)] [test1] z
[Fri Dec 15 11:31:42.026 2017] 0.075 sec [any/0/rel 545 (0,20)] [test1] 声达欧洲风韵生态板
[Fri Dec 15 11:32:48.922 2017] 0.002 sec [any/0/rel 1234 (0,20)] [test1] d
[Fri Dec 15 11:32:54.140 2017] 0.053 sec [any/0/rel 325 (0,20)] [test1] 施耐德断路器
[Fri Dec 15 16:32:09.782 2017] 0.114 sec [any/0/rel 1234 (0,20)] [test1] d
[Fri Dec 15 16:32:12.524 2017] 0.002 sec [any/0/rel 1234 (0,20)] [test1] d
[Fri Dec 15 16:32:13.874 2017] 0.004 sec [any/0/rel 1234 (0,20)] [test1] d
[Fri Dec 15 16:32:16.875 2017] 0.046 sec [any/0/rel 325 (0,20)] [test1] 施耐德断路器
[Fri Dec 15 16:32:18.542 2017] 0.002 sec [any/0/rel 325 (0,20)] [test1] 施耐德断路器
[Fri Dec 15 16:37:20.381 2017] 0.002 sec [any/0/rel 325 (0,20)] [test1] 施耐德断路器
[Mon Dec 25 09:24:02.740 2017] 0.126 sec [any/0/rel 128 (0,20)] [test1] 熊猫单芯线
[Tue Dec 26 13:22:58.067 2017] 0.094 sec [any/0/rel 457 (0,20)] [test1] 声达U型边龙骨
[Tue Dec 26 13:44:12.213 2017] 0.002 sec [any/0/rel 0 (0,20)] [test1] 商品名称/商品编码/商品拼音缩写
[Wed Dec 27 10:55:54.942 2017] 0.027 sec [any/0/rel 349 (0,20)] [test1] h
[Wed Dec 27 10:55:56.031 2017] 0.013 sec [any/0/rel 0 (0,20)] [test1] hei
[Wed Dec 27 10:55:57.197 2017] 0.010 sec [any/0/rel 7 (0,20)] [test1] he
[Wed Dec 27 10:55:58.318 2017] 0.002 sec [any/0/rel 7 (0,20)] [test1] he
[Wed Dec 27 10:55:59.478 2017] 0.002 sec [any/0/rel 349 (0,20)] [test1] h
[Wed Dec 27 10:56:01.784 2017] 0.001 sec [any/0/rel 7 (0,20)] [test1] he
[Wed Dec 27 10:56:02.935 2017] 0.002 sec [any/0/rel 349 (0,20)] [test1] h
[Wed Dec 27 10:56:04.034 2017] 0.001 sec [any/0/rel 0 (0,20)] [test1] hei
[Wed Dec 27 10:56:05.141 2017] 0.001 sec [any/0/rel 7 (0,20)] [test1] he
[Wed Dec 27 10:56:06.245 2017] 0.002 sec [any/0/rel 349 (0,20)] [test1] h
[Wed Dec 27 10:56:08.426 2017] 0.002 sec [any/0/rel 349 (0,20)] [test1] h
[Wed Dec 27 10:56:09.515 2017] 0.001 sec [any/0/rel 7 (0,20)] [test1] he
[Wed Dec 27 10:56:10.587 2017] 0.000 sec [any/0/rel 0 (0,20)] [test1] hei
[Wed Dec 27 10:56:11.720 2017] 0.015 sec [any/0/rel 41 (0,20)] [test1] 黑锁扣
[Wed Dec 27 10:56:13.322 2017] 0.000 sec [any/0/rel 0 (0,20)] [test1] heis
[Wed Dec 27 10:56:14.404 2017] 0.001 sec [any/0/rel 0 (0,20)] [test1] heisu
[Wed Dec 27 10:56:15.501 2017] 0.000 sec [any/0/rel 0 (0,20)] [test1] heisuo
[Wed Dec 27 10:56:16.581 2017] 0.001 sec [any/0/rel 41 (0,20)] [test1] 黑锁
[Wed Dec 27 10:56:17.683 2017] 0.003 sec [any/0/rel 491 (0,20)] [test1] 黑锁l
[Wed Dec 27 10:56:18.772 2017] 0.002 sec [any/0/rel 41 (0,20)] [test1] 黑锁lo
[Wed Dec 27 17:20:19.009 2017] 0.065 sec [any/0/rel 1850 (0,20)] [test1] 0.8国标螺帽
[Thu Dec 28 17:39:21.005 2017] 0.124 sec [any/0/rel 1234 (0,20)] [test1] d
[Thu Dec 28 17:39:22.267 2017] 0.065 sec [any/0/rel 119 (0,20)] [test1] dd
[Thu Dec 28 17:39:23.395 2017] 0.001 sec [any/0/rel 119 (0,20)] [test1] dd
[Thu Dec 28 17:39:24.656 2017] 0.001 sec [any/0/rel 119 (0,20)] [test1] dd
[Tue Jan  2 09:23:28.159 2018] 0.191 sec [any/0/rel 402 (0,20)] [test1] 声达封边条
[Tue Jan  2 16:56:16.373 2018] 0.067 sec [any/0/rel 196 (0,20)] [test1] f
[Tue Jan  2 16:56:17.521 2018] 0.001 sec [any/0/rel 5 (0,20)] [test1] ff
[Tue Jan  2 16:56:18.613 2018] 0.000 sec [any/0/rel 5 (0,20)] [test1] ff
[Tue Jan  2 16:56:20.485 2018] 0.000 sec [any/0/rel 5 (0,20)] [test1] ff
[Tue Jan  2 16:56:22.147 2018] 0.035 sec [any/0/rel 160 (0,20)] [test1] 雅锋发泡剂
[Tue Jan  2 16:56:23.881 2018] 0.002 sec [any/0/rel 160 (0,20)] [test1] 雅锋发泡剂
[Tue Jan  2 16:56:45.644 2018] 0.002 sec [any/0/rel 160 (0,20)] [test1] 雅锋发泡剂
[Tue Jan  2 16:56:50.977 2018] 0.002 sec [any/0/rel 160 (0,20)] [test1] 雅锋发泡剂
[Tue Jan  2 17:37:41.186 2018] 0.032 sec [any/0/rel 349 (0,20)] [test1] h
[Tue Jan  2 17:37:42.289 2018] 0.001 sec [any/0/rel 7 (0,20)] [test1] he
[Tue Jan  2 17:37:43.373 2018] 0.000 sec [any/0/rel 0 (0,20)] [test1] hei
[Tue Jan  2 17:37:44.494 2018] 0.002 sec [any/0/rel 7 (0,20)] [test1] he
[Tue Jan  2 17:37:45.615 2018] 0.001 sec [any/0/rel 7 (0,20)] [test1] he
[Tue Jan  2 17:37:46.758 2018] 0.001 sec [any/0/rel 349 (0,20)] [test1] h
[Tue Jan  2 17:37:49.029 2018] 0.000 sec [any/0/rel 349 (0,20)] [test1] h
[Tue Jan  2 17:37:50.140 2018] 0.001 sec [any/0/rel 33 (0,20)] [test1] 黑
[Tue Jan  2 17:37:51.717 2018] 0.000 sec [any/0/rel 0 (0,20)] [test1] hei
[Tue Jan  2 17:37:52.812 2018] 0.001 sec [any/0/rel 33 (0,20)] [test1] 黑
[Tue Jan  2 17:37:53.937 2018] 0.000 sec [any/0/rel 33 (0,20)] [test1] 黑
[Tue Jan  2 17:38:00.178 2018] 0.000 sec [any/0/rel 33 (0,20)] [test1] 黑
[Tue Jan  2 17:40:14.829 2018] 0.000 sec [any/0/rel 33 (0,20)] [test1] 黑
[Tue Jan  2 17:43:12.695 2018] 0.001 sec [any/0/rel 0 (0,20)] [test1] 【】
[Tue Jan  2 17:43:13.798 2018] 0.018 sec [any/0/rel 276 (0,20)] [test1] 【p】
[Tue Jan  2 17:43:14.956 2018] 0.002 sec [any/0/rel 0 (0,20)] [test1] 【屁【】
[Tue Jan  2 17:43:16.096 2018] 0.000 sec [any/0/rel 0 (0,20)] [test1] 【屁【】
[Tue Jan  2 17:43:17.254 2018] 0.000 sec [any/0/rel 0 (0,20)] [test1] 【屁【】
[Tue Jan  2 17:43:18.930 2018] 0.053 sec [any/0/rel 507 (0,20)] [test1] 熊猫单芯线(100米)
[Tue Jan  2 17:43:20.598 2018] 0.003 sec [any/0/rel 507 (0,20)] [test1] 熊猫单芯线(100米)
[Fri Jan  5 09:48:16.729 2018] 0.142 sec [any/0/rel 196 (0,20)] [test1] f
[Fri Jan  5 09:48:18.053 2018] 0.000 sec [any/0/rel 196 (0,20)] [test1] f
[Fri Jan  5 09:48:19.202 2018] 0.001 sec [any/0/rel 196 (0,20)] [test1] f
[Fri Jan  5 13:20:23.444 2018] 0.075 sec [any/0/rel 1234 (0,20)] [test1] d
[Fri Jan  5 13:20:26.643 2018] 0.044 sec [any/0/rel 661 (0,20)] [test1] z
[Fri Jan  5 13:20:27.893 2018] 0.038 sec [any/0/rel 1189 (0,20)] [test1] s
[Fri Jan  5 13:20:32.813 2018] 0.077 sec [any/0/rel 325 (0,20)] [test1] 施耐德断路器
[Fri Jan  5 13:20:34.619 2018] 0.002 sec [any/0/rel 325 (0,20)] [test1] 施耐德断路器
[Fri Jan  5 13:24:49.194 2018] 0.003 sec [any/0/rel 1234 (0,20)] [test1] d
[Fri Jan  5 13:24:50.326 2018] 0.024 sec [any/0/rel 119 (0,20)] [test1] dd
[Fri Jan  5 13:24:51.398 2018] 0.001 sec [any/0/rel 0 (0,20)] [test1] dddddd
[Fri Jan  5 13:24:52.553 2018] 0.015 sec [any/0/rel 1 (0,20)] [test1] ddd
[Fri Jan  5 13:24:53.655 2018] 0.001 sec [any/0/rel 0 (0,20)] [test1] dddd
[Fri Jan  5 13:24:54.812 2018] 0.001 sec [any/0/rel 0 (0,20)] [test1] ddddd
[Fri Jan  5 13:24:55.978 2018] 0.000 sec [any/0/rel 0 (0,20)] [test1] dddddddddddddddddddd
[Fri Jan  5 13:24:57.678 2018] 0.043 sec [any/0/rel 0 (0,20)] [test1] ddddddd
[Fri Jan  5 13:24:58.743 2018] 0.000 sec [any/0/rel 0 (0,20)] [test1] dddddddd
[Fri Jan  5 13:24:59.824 2018] 0.001 sec [any/0/rel 0 (0,20)] [test1] ddddddddd
[Fri Jan  5 13:25:00.908 2018] 0.001 sec [any/0/rel 0 (0,20)] [test1] dddddddddd
[Fri Jan  5 13:25:02.019 2018] 0.001 sec [any/0/rel 0 (0,20)] [test1] ddddddddddd
[Fri Jan  5 13:25:03.135 2018] 0.001 sec [any/0/rel 0 (0,20)] [test1] dddddddddddd
[Fri Jan  5 13:25:04.433 2018] 0.001 sec [any/0/rel 0 (0,20)] [test1] dddddddddddddddddddd
[Fri Jan  5 13:25:06.030 2018] 0.001 sec [any/0/rel 0 (0,20)] [test1] dddddddddddddddddddd
[Fri Jan  5 13:25:15.363 2018] 0.001 sec [any/0/rel 0 (0,20)] [test1] dddddddddddddddddddd
[Fri Jan  5 13:29:11.858 2018] 0.001 sec [any/0/rel 0 (0,20)] [test1] dddddddddddddddddddd
[Fri Jan  5 13:32:51.277 2018] 0.001 sec [any/0/rel 0 (0,20)] [test1] dddddddddddddddddddd
[Mon Jan  8 09:35:57.674 2018] 0.011 sec [any/0/rel 0 (0,20)] [test1] javascript:;
[Mon Jan  8 09:36:01.588 2018] 0.001 sec [any/0/rel 0 (0,20)] [test1] javascript:;
[Tue Jan  9 17:38:22.435 2018] 0.134 sec [any/0/rel 94 (0,20)] [test1] 黄腊管
[Tue Jan  9 17:38:24.077 2018] 0.002 sec [any/0/rel 94 (0,20)] [test1] 黄腊管
[Tue Jan  9 17:38:25.330 2018] 0.001 sec [any/0/rel 94 (0,20)] [test1] 黄腊管
[Tue Jan  9 21:43:19.505 2018] 0.045 sec [any/0/rel 196 (0,20)] [test1] f
[Tue Jan  9 21:43:20.617 2018] 0.002 sec [any/0/rel 0 (0,20)] [test1] fe
[Tue Jan  9 21:43:21.707 2018] 0.001 sec [any/0/rel 0 (0,20)] [test1] fen
[Tue Jan  9 21:43:22.847 2018] 0.000 sec [any/0/rel 0 (0,20)] [test1] fe
[Tue Jan  9 21:43:23.945 2018] 0.002 sec [any/0/rel 196 (0,20)] [test1] f
[Tue Jan  9 21:43:26.232 2018] 0.003 sec [any/0/rel 416 (0,20)] [test1] j
[Tue Jan  9 21:43:27.345 2018] 0.001 sec [any/0/rel 0 (0,20)] [test1] ji
[Tue Jan  9 21:43:28.445 2018] 0.001 sec [any/0/rel 0 (0,20)] [test1] jie
[Tue Jan  9 21:43:29.581 2018] 0.004 sec [any/0/rel 22 (0,20)] [test1] 杰克
[Tue Jan  9 21:43:31.204 2018] 0.001 sec [any/0/rel 0 (0,20)] [test1] jiek
[Tue Jan  9 21:43:32.289 2018] 0.000 sec [any/0/rel 0 (0,20)] [test1] jieke
[Tue Jan  9 21:43:33.349 2018] 0.001 sec [any/0/rel 22 (0,20)] [test1] 杰克
[Tue Jan  9 21:43:34.423 2018] 0.001 sec [any/0/rel 22 (0,20)] [test1] 杰克
[Tue Jan  9 21:43:35.541 2018] 0.001 sec [any/0/rel 196 (0,20)] [test1] f
[Tue Jan  9 21:43:36.678 2018] 0.001 sec [any/0/rel 0 (0,20)] [test1] fe
[Tue Jan  9 21:43:38.709 2018] 0.035 sec [any/0/rel 463 (0,20)] [test1] 杰科分解甲醛石膏板
[Tue Jan  9 21:43:39.793 2018] 0.003 sec [any/0/rel 463 (0,20)] [test1] 杰科分解甲醛石膏板
[Tue Jan  9 21:43:40.979 2018] 0.003 sec [any/0/rel 463 (0,20)] [test1] 杰科分解甲醛石膏板
[Tue Jan  9 21:43:44.193 2018] 0.001 sec [any/0/rel 463 (0,20)] [test1] 杰科分解甲醛石膏板
[Tue Jan  9 21:43:45.785 2018] 0.002 sec [any/0/rel 463 (0,20)] [test1] 杰科分解甲醛石膏板
[Tue Jan  9 21:43:47.450 2018] 0.000 sec [any/0/rel 463 (0,20)] [test1] 杰科分解甲醛石膏板
[Tue Jan  9 21:44:54.200 2018] 0.003 sec [any/0/rel 463 (0,20)] [test1] 杰科分解甲醛石膏板
[Wed Jan 10 11:25:49.199 2018] 0.081 sec [any/0/rel 124 (0,20)] [test1] 浦鹤干壁钉
[Wed Jan 10 11:25:50.811 2018] 0.002 sec [any/0/rel 124 (0,20)] [test1] 浦鹤干壁钉
[Mon Jan 15 09:38:08.550 2018] 0.143 sec [any/0/rel 626 (0,20)] [test1] x
[Mon Jan 15 09:38:09.827 2018] 0.074 sec [any/0/rel 0 (0,20)] [test1] xi
[Mon Jan 15 09:38:11.023 2018] 0.022 sec [any/0/rel 0 (0,20)] [test1] xia
[Mon Jan 15 09:38:12.173 2018] 0.002 sec [any/0/rel 0 (0,20)] [test1] xiao
[Mon Jan 15 09:38:13.262 2018] 0.001 sec [any/0/rel 0 (0,20)] [test1] xiao
[Mon Jan 15 09:38:15.140 2018] 0.001 sec [any/0/rel 0 (0,20)] [test1] xiao
[Mon Jan 15 09:38:19.683 2018] 0.001 sec [any/0/rel 0 (0,20)] [test1] xia
[Mon Jan 15 09:38:20.812 2018] 0.001 sec [any/0/rel 0 (0,20)] [test1] xi
[Mon Jan 15 09:38:21.912 2018] 0.002 sec [any/0/rel 626 (0,20)] [test1] x
[Mon Jan 15 09:38:24.123 2018] 0.003 sec [any/0/rel 349 (0,20)] [test1] h
[Mon Jan 15 09:38:25.258 2018] 0.019 sec [any/0/rel 7 (0,20)] [test1] he
[Mon Jan 15 09:38:26.375 2018] 0.001 sec [any/0/rel 0 (0,20)] [test1] hei
[Mon Jan 15 09:38:27.572 2018] 0.016 sec [any/0/rel 33 (0,20)] [test1] 黑
[Mon Jan 15 09:38:29.188 2018] 0.001 sec [any/0/rel 33 (0,20)] [test1] 黑
[Mon Jan 15 09:38:30.293 2018] 0.001 sec [any/0/rel 33 (0,20)] [test1] 黑
[Mon Jan 15 16:36:29.555 2018] 0.056 sec [any/0/rel 1234 (0,20)] [test1] d
[Mon Jan 15 16:36:30.749 2018] 0.027 sec [any/0/rel 119 (0,20)] [test1] dd
[Mon Jan 15 16:36:31.840 2018] 0.000 sec [any/0/rel 119 (0,20)] [test1] dd
[Mon Jan 15 16:36:33.071 2018] 0.002 sec [any/0/rel 119 (0,20)] [test1] dd
[Mon Jan 15 16:39:11.310 2018] 0.028 sec [any/0/rel 349 (0,20)] [test1] h
[Mon Jan 15 16:39:12.372 2018] 0.003 sec [any/0/rel 7 (0,20)] [test1] he
[Mon Jan 15 16:39:13.483 2018] 0.001 sec [any/0/rel 0 (0,20)] [test1] hei
[Mon Jan 15 16:39:15.327 2018] 0.002 sec [any/0/rel 33 (0,20)] [test1] 黑
[Mon Jan 15 16:39:16.457 2018] 0.002 sec [any/0/rel 33 (0,20)] [test1] 黑
[Mon Jan 15 16:39:17.591 2018] 0.002 sec [any/0/rel 33 (0,20)] [test1] 黑
[Mon Jan 15 16:39:34.471 2018] 0.001 sec [any/0/rel 0 (0,20)] [test1] 、
[Mon Jan 15 16:39:35.572 2018] 0.028 sec [any/0/rel 349 (0,20)] [test1] 、h
[Mon Jan 15 16:39:36.671 2018] 0.001 sec [any/0/rel 0 (0,20)] [test1] 、
[Mon Jan 15 16:39:38.871 2018] 0.002 sec [any/0/rel 349 (0,20)] [test1] h
[Mon Jan 15 16:39:39.983 2018] 0.001 sec [any/0/rel 7 (0,20)] [test1] he
[Mon Jan 15 16:39:41.663 2018] 0.001 sec [any/0/rel 0 (0,20)] [test1] hei
[Mon Jan 15 16:39:42.757 2018] 0.002 sec [any/0/rel 33 (0,20)] [test1] 黑
[Mon Jan 15 16:39:43.886 2018] 0.001 sec [any/0/rel 33 (0,20)] [test1] 黑
