[Wed Dec  6 18:04:36.212 2017] [15272] accepting connections
[Wed Dec  6 18:24:34.031 2017] [15272] shutdown complete
[Wed Dec  6 18:26:18.116 2017] [13220] accepting connections
[Wed Dec  6 18:26:55.756 2017] [13220] shutdown complete
[Thu Dec  7 09:07:39.267 2017] [14560] accepting connections
[Thu Dec  7 09:34:04.874 2017] [14560] shutdown complete
[Fri Dec  8 10:43:40.122 2017] [ 4276] accepting connections
[Fri Dec  8 13:40:29.265 2017] [ 4276] shutdown complete
[Fri Dec  8 13:45:34.938 2017] [ 4616] accepting connections
[Fri Dec  8 13:56:23.124 2017] [ 4616] shutdown complete
[Fri Dec  8 13:56:34.978 2017] [13448] accepting connections
[Fri Dec  8 13:59:25.480 2017] [13448] shutdown complete
[Fri Dec  8 13:59:32.239 2017] [ 5688] accepting connections
[Fri Dec  8 14:19:29.963 2017] [ 5688] shutdown complete
[Fri Dec  8 14:19:57.106 2017] [ 3520] accepting connections
[Fri Dec  8 14:26:50.887 2017] [ 3520] shutdown complete
[Fri Dec  8 14:26:57.995 2017] [ 1752] accepting connections
[Tue Dec 19 10:01:07.120 2017] [ 3560] accepting connections
[Tue Dec 26 13:05:16.940 2017] [ 3596] accepting connections
[Tue Jan  2 11:42:23.841 2018] [ 3256] accepting connections
[Tue Jan  9 11:24:13.248 2018] [ 3668] accepting connections
[Wed Jan 10 09:22:50.357 2018] [ 3636] accepting connections
[Mon Jan 15 10:30:38.244 2018] [ 3636] shutdown complete
[Mon Jan 15 10:30:40.401 2018] [12476] accepting connections
